make all --print-data-base --no-builtin-variables --no-builtin-rules --question
# GNU Make 3.81
# Copyright (C) 2006  Free Software Foundation, Inc.
# This is free software; see the source for copying conditions.
# There is NO warranty; not even for MERCHANTABILITY or FITNESS FOR A
# PARTICULAR PURPOSE.

# This program built for i386-apple-darwin11.3.0
 

# Make data base, printed on Sun Jul 17 18:14:52 2022

# Variables

# automatic
<D = $(patsubst %/,%,$(dir $<))
# automatic
?F = $(notdir $?)
# environment
VSCODE_LOG_NATIVE = false
# automatic
?D = $(patsubst %/,%,$(dir $?))
# automatic
@D = $(patsubst %/,%,$(dir $@))
# automatic
@F = $(notdir $@)
# makefile
CURDIR := /Users/jechekao/Desktop/cursus/in_progress/push_swap
# makefile
SHELL = /bin/sh
# makefile (from `Makefile', line 34)
RM = /bin/rm -f
# environment
VSCODE_NLS_CONFIG = {"locale":"fr","availableLanguages":{},"_languagePackSupport":true}
# environment
_ = /usr/bin/make
# makefile (from `Makefile', line 1)
MAKEFILE_LIST :=  Makefile
# makefile (from `Makefile', line 18)
LIB_DIR = libft/
# makefile (from `Makefile', line 22)
OBJ_DIR = obj/
# environment
VSCODE_VERBOSE_LOGGING = true
# environment
VSCODE_IPC_HOOK_EXTHOST = /var/folders/zz/zyxvpxvq6csfxvn_n000cb080032r2/T/vscode-ipc-f6376967-5a10-40c3-b7aa-a99f7744ef20.sock
# environment
VSCODE_CWD = /
# environment
PATH = /Users/jechekao/.brew/bin:/Users/jechekao/.brew/bin:/usr/local/bin:/usr/bin:/bin:/usr/sbin:/sbin:/usr/local/munki:/Library/Apple/usr/bin
# makefile (from `Makefile', line 13)
PS_NAME = push_swap
# environment
LSCOLORS = Gxfxcxdxbxegedabagacad
# environment
LaunchInstanceID = 852211BE-F74B-477A-A193-9ED3C9ECF603
# environment
VSCODE_LOG_STACK = false
# environment
ELECTRON_RUN_AS_NODE = 1
# makefile (from `Makefile', line 19)
LIB = libft.a
# default
.FEATURES := target-specific order-only second-expansion else-if archives jobserver check-symlink
# makefile (from `Makefile', line 21)
DIR = srcs/
# environment
SSH_AUTH_SOCK = /private/tmp/com.apple.launchd.5JbFYiX7tL/Listeners
# automatic
%F = $(notdir $%)
# environment
HOMEBREW_TEMP = /tmp/jechekao/Homebrew/Temp
# environment
VSCODE_PIPE_LOGGING = true
# environment
PWD = /Users/jechekao/Desktop/cursus/in_progress/push_swap
# environment
ORIGINAL_XDG_CURRENT_DESKTOP = undefined
# environment
VSCODE_AMD_ENTRYPOINT = vs/workbench/api/node/extensionHostProcess
# environment
HOME = /Users/jechekao
# default
MAKEFILEPATH := /Applications/Xcode.app/Contents/Developer/Makefiles
# environment
VSCODE_CODE_CACHE_PATH = /Users/jechekao/Library/Application Support/Code/CachedData/4af164ea3a06f701fe3e89a2bcbb421d2026b68f
# environment
LOGNAME = jechekao
# environment
APPLICATION_INSIGHTS_NO_DIAGNOSTIC_CHANNEL = 1
# makefile (from `Makefile', line 53)
PS_OBJ = $(PS_SRCS:$(DIR)%.c=$(OBJ_DIR)%.o)
# environment
ZSH = /Users/jechekao/.oh-my-zsh
# environment
VSCODE_HANDLES_UNCAUGHT_ERRORS = true
# automatic
^D = $(patsubst %/,%,$(dir $^))
# environment
XPC_FLAGS = 0x0
# default
MAKE = $(MAKE_COMMAND)
# default
MAKECMDGOALS := all
# environment
HOMEBREW_CACHE = /tmp/jechekao/Homebrew/Caches
# environment
SHLVL = 1
# makefile (from `Makefile', line 16)
CC = clang
# default
MAKE_VERSION := 3.81
# environment
USER = jechekao
# makefile
.DEFAULT_GOAL := all
# makefile (from `Makefile', line 31)
INCLUDE = -I include/ -I $(LIB_DIR)
# environment
LESS = -R
# automatic
%D = $(patsubst %/,%,$(dir $%))
# default
MAKE_COMMAND := /Applications/Xcode.app/Contents/Developer/usr/bin/make
# default
.VARIABLES := 
# environment
TMPDIR = /var/folders/zz/zyxvpxvq6csfxvn_n000cb080032r2/T/
# automatic
*F = $(notdir $*)
# environment
VSCODE_IPC_HOOK = /Users/jechekao/Library/Application Support/Code/1.68.0-main.sock
# makefile
MAKEFLAGS = Rrqp
# environment
MFLAGS = -Rrqp
# automatic
*D = $(patsubst %/,%,$(dir $*))
# environment
XPC_SERVICE_NAME = com.apple.xpc.launchd.oneshot.0x10000001.Electron
# automatic
+D = $(patsubst %/,%,$(dir $+))
# automatic
+F = $(notdir $+)
# makefile (from `Makefile', line 36)
PS_FILES = main.c check_duplic.c check_arg.c errors.c populate.c utils.c test_tools.c move.c run.c small_alg.c larg_alg.c larg_utils.c
# makefile (from `Makefile', line 23)
SUB_DIR = obj/ps_srcs obj/c_srcs
# makefile (from `Makefile', line 25)
FLAG = -c -Wall -Wextra -Werror -g
# environment
__CF_USER_TEXT_ENCODING = 0x18B02:0x0:0x52
# environment
COMMAND_MODE = unix2003
# default
MAKEFILES := 
# automatic
<F = $(notdir $<)
# environment
PAGER = less
# environment
LC_ALL = C
# environment
SECURITYSESSIONID = 186a7
# automatic
^F = $(notdir $^)
# default
SUFFIXES := 
# default
.INCLUDE_DIRS = /usr/local/include
# makefile (from `Makefile', line 51)
PS_SRCS = $(addprefix $(DIR), $(PS_FILES))
# environment
MAKELEVEL := 0
# environment
LANG = C
# environment
VSCODE_PID = 35168
# variable set hash-table stats:
# Load=82/1024=8%, Rehash=0, Collisions=7/120=6%

# Pattern-specific Variable Values

# No pattern-specific variable values.

# Directories

# . (device 16777225, inode 389840): 19 files, no impossibilities.
# srcs (device 16777225, inode 406497): 15 files, no impossibilities so far.

# 34 files, no impossibilities in 2 directories.

# Implicit Rules

obj/%.o: srcs/%.c
#  commands to execute (from `Makefile', line 60):
	@mkdir -p $(OBJ_DIR) $(SUB_DIR)
	$(CC) -g $(FLAG) $(INCLUDE) $< -o $@
	

# 1 implicit rules, 0 (0.0%) terminal.

# Files

obj/larg_utils.o: srcs/larg_utils.c
#  Implicit rule search has been done.
#  Implicit/static pattern stem: `larg_utils'
#  Last modified 2022-07-17 18:14:18
#  File has been updated.
#  Successfully updated.
# variable set hash-table stats:
# Load=0/32=0%, Rehash=0, Collisions=0/0=0%
#  commands to execute (from `Makefile', line 60):
	@mkdir -p $(OBJ_DIR) $(SUB_DIR)
	$(CC) -g $(FLAG) $(INCLUDE) $< -o $@
	

# Not a target:
srcs/larg_utils.c:
#  Implicit rule search has been done.
#  Last modified 2022-07-16 21:13:47
#  File has been updated.
#  Successfully updated.
# variable set hash-table stats:
# Load=0/32=0%, Rehash=0, Collisions=0/0=0%

obj/larg_alg.o: srcs/larg_alg.c
#  Implicit rule search has been done.
#  Implicit/static pattern stem: `larg_alg'
#  Last modified 2022-07-17 18:14:18
#  File has been updated.
#  Successfully updated.
# variable set hash-table stats:
# Load=0/32=0%, Rehash=0, Collisions=0/0=0%
#  commands to execute (from `Makefile', line 60):
	@mkdir -p $(OBJ_DIR) $(SUB_DIR)
	$(CC) -g $(FLAG) $(INCLUDE) $< -o $@
	

# Not a target:
srcs/larg_alg.c:
#  Implicit rule search has been done.
#  Last modified 2022-07-16 21:12:39
#  File has been updated.
#  Successfully updated.
# variable set hash-table stats:
# Load=0/32=0%, Rehash=0, Collisions=0/0=0%

all: push_swap
#  Phony target (prerequisite of .PHONY).
#  Command-line target.
#  Implicit rule search has not been done.
#  File does not exist.
#  File has been updated.
#  Needs to be updated (-q is set).
# variable set hash-table stats:
# Load=0/32=0%, Rehash=0, Collisions=0/4=0%

.PHONY: all clean fclean re
#  Implicit rule search has not been done.
#  Modification time never checked.
#  File has not been updated.

obj/move.o: srcs/move.c
#  Implicit rule search has been done.
#  Implicit/static pattern stem: `move'
#  Last modified 2022-07-17 18:14:18
#  File has been updated.
#  Successfully updated.
# variable set hash-table stats:
# Load=0/32=0%, Rehash=0, Collisions=0/0=0%
#  commands to execute (from `Makefile', line 60):
	@mkdir -p $(OBJ_DIR) $(SUB_DIR)
	$(CC) -g $(FLAG) $(INCLUDE) $< -o $@
	

obj/errors.o: srcs/errors.c
#  Implicit rule search has been done.
#  Implicit/static pattern stem: `errors'
#  Last modified 2022-07-17 18:14:18
#  File has been updated.
#  Successfully updated.
# variable set hash-table stats:
# Load=0/32=0%, Rehash=0, Collisions=0/0=0%
#  commands to execute (from `Makefile', line 60):
	@mkdir -p $(OBJ_DIR) $(SUB_DIR)
	$(CC) -g $(FLAG) $(INCLUDE) $< -o $@
	

# Not a target:
srcs/move.c:
#  Implicit rule search has been done.
#  Last modified 2022-07-16 21:15:47
#  File has been updated.
#  Successfully updated.
# variable set hash-table stats:
# Load=0/32=0%, Rehash=0, Collisions=0/0=0%

# Not a target:
srcs/errors.c:
#  Implicit rule search has been done.
#  Last modified 2022-07-17 17:44:49
#  File has been updated.
#  Successfully updated.
# variable set hash-table stats:
# Load=0/32=0%, Rehash=0, Collisions=0/0=0%

obj/check_duplic.o: srcs/check_duplic.c
#  Implicit rule search has been done.
#  Implicit/static pattern stem: `check_duplic'
#  Last modified 2022-07-17 18:14:18
 
#  File has been updated.
#  Successfully updated.
# variable set hash-table stats:
# Load=0/32=0%, Rehash=0, Collisions=0/0=0%
#  commands to execute (from `Makefile', line 60):
	@mkdir -p $(OBJ_DIR) $(SUB_DIR)
	$(CC) -g $(FLAG) $(INCLUDE) $< -o $@
	

obj/main.o: srcs/main.c
#  Implicit rule search has been done.
#  Implicit/static pattern stem: `main'
#  Last modified 2022-07-17 18:14:18
#  File has been updated.
#  Successfully updated.
# variable set hash-table stats:
# Load=0/32=0%, Rehash=0, Collisions=0/0=0%
#  commands to execute (from `Makefile', line 60):
	@mkdir -p $(OBJ_DIR) $(SUB_DIR)
	$(CC) -g $(FLAG) $(INCLUDE) $< -o $@
	

# Not a target:
.SUFFIXES:
#  Implicit rule search has not been done.
#  Modification time never checked.
#  File has not been updated.

# Not a target:
srcs/check_duplic.c:
#  Implicit rule search has been done.
#  Last modified 2022-07-17 17:22:37
#  File has been updated.
#  Successfully updated.
# variable set hash-table stats:
# Load=0/32=0%, Rehash=0, Collisions=0/0=0%

# Not a target:
Makefile:
#  Implicit rule search has been done.
#  Last modified 2022-07-17 18:14:48
#  File has been updated.
#  Successfully updated.
# variable set hash-table stats:
# Load=0/32=0%, Rehash=0, Collisions=0/0=0%

# Not a target:
srcs/main.c:
#  Implicit rule search has been done.
#  Last modified 2022-07-17 18:12:43
#  File has been updated.
#  Successfully updated.
# variable set hash-table stats:
# Load=0/32=0%, Rehash=0, Collisions=0/0=0%

obj/run.o: srcs/run.c
#  Implicit rule search has been done.
#  Implicit/static pattern stem: `run'
#  Last modified 2022-07-17 18:14:18
#  File has been updated.
#  Successfully updated.
# variable set hash-table stats:
# Load=0/32=0%, Rehash=0, Collisions=0/0=0%
#  commands to execute (from `Makefile', line 60):
	@mkdir -p $(OBJ_DIR) $(SUB_DIR)
	$(CC) -g $(FLAG) $(INCLUDE) $< -o $@
	

libft.a:
#  Implicit rule search has not been done.
#  Last modified 2022-07-17 18:14:19
#  File has been updated.
#  Successfully updated.
#  commands to execute (from `Makefile', line 64):
	@$(MAKE) -C $(LIB_DIR)
	/bin/mv $(LIB_DIR)$(LIB) .
	

# Not a target:
srcs/run.c:
#  Implicit rule search has been done.
#  Last modified 2022-07-16 21:17:48
#  File has been updated.
#  Successfully updated.
# variable set hash-table stats:
# Load=0/32=0%, Rehash=0, Collisions=0/0=0%

fclean: clean
#  Phony target (prerequisite of .PHONY).
#  Implicit rule search has not been done.
#  File does not exist.
#  File has not been updated.
#  commands to execute (from `Makefile', line 80):
	@$(MAKE) fclean -C $(LIB_DIR)
	@$(RM) $(LIB)
	@$(RM) $(PS_NAME)
	# @$(RM) $(C_NAME)
	

obj/check_arg.o: srcs/check_arg.c
#  Implicit rule search has been done.
#  Implicit/static pattern stem: `check_arg'
#  Last modified 2022-07-17 18:14:18
#  File has been updated.
#  Successfully updated.
# variable set hash-table stats:
# Load=0/32=0%, Rehash=0, Collisions=0/0=0%
#  commands to execute (from `Makefile', line 60):
	@mkdir -p $(OBJ_DIR) $(SUB_DIR)
	$(CC) -g $(FLAG) $(INCLUDE) $< -o $@
	

# Not a target:
srcs/check_arg.c:
#  Implicit rule search has been done.
#  Last modified 2022-07-17 17:41:53
#  File has been updated.
#  Successfully updated.
# variable set hash-table stats:
# Load=0/32=0%, Rehash=0, Collisions=0/0=0%

obj/populate.o: srcs/populate.c
#  Implicit rule search has been done.
#  Implicit/static pattern stem: `populate'
#  Last modified 2022-07-17 18:14:18
#  File has been updated.
#  Successfully updated.
# variable set hash-table stats:
# Load=0/32=0%, Rehash=0, Collisions=0/0=0%
#  commands to execute (from `Makefile', line 60):
	@mkdir -p $(OBJ_DIR) $(SUB_DIR)
	$(CC) -g $(FLAG) $(INCLUDE) $< -o $@
	

# Not a target:
srcs/populate.c:
#  Implicit rule search has been done.
#  Last modified 2022-07-17 17:36:26
#  File has been updated.
#  Successfully updated.
# variable set hash-table stats:
# Load=0/32=0%, Rehash=0, Collisions=0/0=0%

# Not a target:
.DEFAULT:
#  Implicit rule search has not been done.
#  Modification time never checked.
#  File has not been updated.

re: fclean all
#  Phony target (prerequisite of .PHONY).
#  Implicit rule search has not been done.
#  File does not exist.
#  File has not been updated.

clean:
#  Phony target (prerequisite of .PHONY).
#  Implicit rule search has not been done.
#  File does not exist.
#  File has not been updated.
#  commands to execute (from `Makefile', line 74):
	for dir in $(MODULES); do			\
	@$(MAKE) clean -C $$dir;		\
	done
	@/bin/rm -rf $(OBJ_DIR)
	

obj/utils.o: srcs/utils.c
#  Implicit rule search has been done.
#  Implicit/static pattern stem: `utils'
#  Last modified 2022-07-17 18:14:18
#  File has been updated.
#  Successfully updated.
# variable set hash-table stats:
# Load=0/32=0%, Rehash=0, Collisions=0/0=0%
#  commands to execute (from `Makefile', line 60):
	@mkdir -p $(OBJ_DIR) $(SUB_DIR)
	$(CC) -g $(FLAG) $(INCLUDE) $< -o $@
	

# Not a target:
srcs/utils.c:
#  Implicit rule search has been done.
#  Last modified 2022-07-16 21:18:37
#  File has been updated.
#  Successfully updated.
# variable set hash-table stats:
# Load=0/32=0%, Rehash=0, Collisions=0/0=0%

push_swap: obj/main.o obj/check_duplic.o obj/check_arg.o obj/errors.o obj/populate.o obj/utils.o obj/test_tools.o obj/move.o obj/run.o obj/small_alg.o obj/larg_alg.o obj/larg_utils.o libft.a
#  Implicit rule search has not been done.
#  Implicit/static pattern stem: `'
#  File does not exist.
#  File has been updated.
#  Needs to be updated (-q is set).
# automatic
# @ := push_swap
# automatic
# % := 
# automatic
# * := 
# automatic
# + := obj/main.o obj/check_duplic.o obj/check_arg.o obj/errors.o obj/populate.o obj/utils.o obj/test_tools.o obj/move.o obj/run.o obj/small_alg.o obj/larg_alg.o obj/larg_utils.o libft.a
# automatic
# | := 
# automatic
# < := obj/main.o
# automatic
# ^ := obj/main.o obj/check_duplic.o obj/check_arg.o obj/errors.o obj/populate.o obj/utils.o obj/test_tools.o obj/move.o obj/run.o obj/small_alg.o obj/larg_alg.o obj/larg_utils.o libft.a
# automatic
# ? := obj/main.o obj/check_duplic.o obj/check_arg.o obj/errors.o obj/populate.o obj/utils.o obj/test_tools.o obj/move.o obj/run.o obj/small_alg.o obj/larg_alg.o obj/larg_utils.o libft.a
# variable set hash-table stats:
# Load=8/32=25%, Rehash=0, Collisions=1/16=6%
#  commands to execute (from `Makefile', line 68):
	$(CC) -o $@ $^
	# $(CC) -fsanitize=address -o $@ $^
	

obj/small_alg.o: srcs/small_alg.c
#  Implicit rule search has been done.
#  Implicit/static pattern stem: `small_alg'
#  Last modified 2022-07-17 18:14:18
#  File has been updated.
#  Successfully updated.
# variable set hash-table stats:
# Load=0/32=0%, Rehash=0, Collisions=0/0=0%
#  commands to execute (from `Makefile', line 60):
	@mkdir -p $(OBJ_DIR) $(SUB_DIR)
	$(CC) -g $(FLAG) $(INCLUDE) $< -o $@
	

obj/test_tools.o: srcs/test_tools.c
#  Implicit rule search has been done.
#  Implicit/static pattern stem: `test_tools'
#  Last modified 2022-07-17 18:14:18
#  File has been updated.
#  Successfully updated.
# variable set hash-table stats:
# Load=0/32=0%, Rehash=0, Collisions=0/0=0%
#  commands to execute (from `Makefile', line 60):
	@mkdir -p $(OBJ_DIR) $(SUB_DIR)
	$(CC) -g $(FLAG) $(INCLUDE) $< -o $@
	

# Not a target:
srcs/small_alg.c:
#  Implicit rule search has been done.
#  Last modified 2022-07-09 21:51:35
#  File has been updated.
#  Successfully updated.
# variable set hash-table stats:
# Load=0/32=0%, Rehash=0, Collisions=0/0=0%

# Not a target:
srcs/test_tools.c:
#  Implicit rule search has been done.
#  Last modified 2022-07-16 18:41:22
#  File has been updated.
#  Successfully updated.
# variable set hash-table stats:
# Load=0/32=0%, Rehash=0, Collisions=0/0=0%

# files hash-table stats:
# Load=34/1024=3%, Rehash=0, Collisions=0/105=0%
# VPATH Search Paths

# No `vpath' search paths.

# No general (`VPATH' variable) search path.

# # of strings in strcache: 1
# # of strcache buffers: 1
# strcache size: total = 4096 / max = 4096 / min = 4096 / avg = 4096
# strcache free: total = 4087 / max = 4087 / min = 4087 / avg = 4087

# Finished Make data base on Sun Jul 17 18:14:52 2022

 
