make all --print-data-base --no-builtin-variables --no-builtin-rules --question
# GNU Make 3.81
# Copyright (C) 2006  Free Software Foundation, Inc.
# This is free software; see the source for copying conditions.
# There is NO warranty; not even for MERCHANTABILITY or FITNESS FOR A
# PARTICULAR PURPOSE.

# This program built for i386-apple-darwin11.3.0
 

# Make data base, printed on Sun Jul 31 19:04:51 2022

# Variables

 
# automatic
<D = $(patsubst %/,%,$(dir $<))
# automatic
?F = $(notdir $?)
# environment
VSCODE_LOG_NATIVE = false
# automatic
?D = $(patsubst %/,%,$(dir $?))
# makefile (from `Makefile', line 5)
INCLUDES = incs
# automatic
@D = $(patsubst %/,%,$(dir $@))
# automatic
@F = $(notdir $@)
# makefile
CURDIR := /Users/jechekao/Desktop/cursus/learning/mlx_learn/libft
# makefile
SHELL = /bin/sh
# environment
VSCODE_NLS_CONFIG = {"locale":"fr","availableLanguages":{"*":"fr"},"_languagePackId":"575d78304484aa5fa0cbb32d34fd883d.fr","_translationsConfigFile":"/Users/jechekao/Library/Application Support/Code/clp/575d78304484aa5fa0cbb32d34fd883d.fr/tcf.json","_cacheRoot":"/Users/jechekao/Library/Application Support/Code/clp/575d78304484aa5fa0cbb32d34fd883d.fr","_resolvedLanguagePackCoreLocation":"/Users/jechekao/Library/Application Support/Code/clp/575d78304484aa5fa0cbb32d34fd883d.fr/4af164ea3a06f701fe3e89a2bcbb421d2026b68f","_corruptedFile":"/Users/jechekao/Library/Application Support/Code/clp/575d78304484aa5fa0cbb32d34fd883d.fr/corrupted.info","_languagePackSupport":true}
# environment
_ = /usr/bin/make
# makefile (from `Makefile', line 11)
CFLAGS = -Wall -Werror -Wextra -g3
# makefile (from `Makefile', line 1)
MAKEFILE_LIST :=  Makefile
# makefile (from `Makefile', line 7)
SRCS = ${wildcard srcs/*.c}
# makefile (from `Makefile', line 3)
SRCSDIR = srcs
# environment
VSCODE_VERBOSE_LOGGING = true
# makefile (from `Makefile', line 18)
OBJS = $(SRCS:%.c=$(OBJSDIR)/%.o)
# environment
VSCODE_IPC_HOOK_EXTHOST = /var/folders/zz/zyxvpxvq6csfxvn_n000cb080032r2/T/vscode-ipc-0c979b58-83d3-449b-ab48-91b157f59387.sock
# environment
VSCODE_CWD = /
# environment
PATH = /Users/jechekao/.brew/bin:/Users/jechekao/.brew/bin:/usr/local/bin:/usr/bin:/bin:/usr/sbin:/sbin:/usr/local/munki:/Library/Apple/usr/bin:/Applications/Visual Studio Code.app/Contents/Resources/app/bin
# environment
LSCOLORS = Gxfxcxdxbxegedabagacad
# environment
LaunchInstanceID = EBE8AB6C-AF70-45BF-BC71-90CFF490D60D
# environment
VSCODE_LOG_STACK = false
# environment
ELECTRON_RUN_AS_NODE = 1
# default
.FEATURES := target-specific order-only second-expansion else-if archives jobserver check-symlink
# environment
SSH_AUTH_SOCK = /private/tmp/com.apple.launchd.ykjoBAomXW/Listeners
# automatic
%F = $(notdir $%)
# environment
HOMEBREW_TEMP = /tmp/jechekao/Homebrew/Temp
# environment
VSCODE_PIPE_LOGGING = true
# environment
PWD = /Users/jechekao/Desktop/cursus/learning/mlx_learn/libft
# environment
ORIGINAL_XDG_CURRENT_DESKTOP = undefined
# environment
VSCODE_AMD_ENTRYPOINT = vs/workbench/api/node/extensionHostProcess
# environment
HOME = /Users/jechekao
# default
MAKEFILEPATH := /Applications/Xcode.app/Contents/Developer/Makefiles
# environment
VSCODE_CODE_CACHE_PATH = /Users/jechekao/Library/Application Support/Code/CachedData/4af164ea3a06f701fe3e89a2bcbb421d2026b68f
# environment
LOGNAME = jechekao
# environment
APPLICATION_INSIGHTS_NO_DIAGNOSTIC_CHANNEL = 1
# environment
ZSH = /Users/jechekao/.oh-my-zsh
# environment
VSCODE_HANDLES_UNCAUGHT_ERRORS = true
# automatic
^D = $(patsubst %/,%,$(dir $^))
# makefile (from `Makefile', line 4)
OBJSDIR = objs
# environment
XPC_FLAGS = 0x0
# default
MAKE = $(MAKE_COMMAND)
# default
MAKECMDGOALS := all
# environment
HOMEBREW_CACHE = /tmp/jechekao/Homebrew/Caches
# environment
SHLVL = 1
# makefile (from `Makefile', line 10)
CC = gcc
# default
MAKE_VERSION := 3.81
# environment
USER = jechekao
# makefile
.DEFAULT_GOAL := all
# makefile (from `Makefile', line 2)
NAME = libft.a
# environment
LESS = -R
# automatic
%D = $(patsubst %/,%,$(dir $%))
# default
MAKE_COMMAND := /Applications/Xcode.app/Contents/Developer/usr/bin/make
# default
.VARIABLES := 
# environment
TMPDIR = /var/folders/zz/zyxvpxvq6csfxvn_n000cb080032r2/T/
# automatic
*F = $(notdir $*)
# environment
VSCODE_IPC_HOOK = /Users/jechekao/Library/Application Support/Code/1.68.0-main.sock
# makefile
MAKEFLAGS = Rrqp
# environment
MFLAGS = -Rrqp
# automatic
*D = $(patsubst %/,%,$(dir $*))
# environment
XPC_SERVICE_NAME = com.apple.xpc.launchd.oneshot.0x10000001.Electron
# automatic
+D = $(patsubst %/,%,$(dir $+))
# automatic
+F = $(notdir $+)
# environment
__CF_USER_TEXT_ENCODING = 0x18B02:0x0:0x52
# environment
COMMAND_MODE = unix2003
# default
MAKEFILES := 
# automatic
<F = $(notdir $<)
# environment
PAGER = less
# environment
LC_ALL = C
# environment
SECURITYSESSIONID = 186a7
# automatic
^F = $(notdir $^)
# default
SUFFIXES := 
# default
.INCLUDE_DIRS = /usr/local/include
# environment
MAKELEVEL := 0
# environment
LANG = C
# environment
VSCODE_PID = 92055
# variable set hash-table stats:
# Load=77/1024=8%, Rehash=0, Collisions=7/110=6%

# Pattern-specific Variable Values

# No pattern-specific variable values.

# Directories

# . (device 16777230, inode 916490): 9 files, no impossibilities.
# srcs (device 16777230, inode 966317): 50 files, no impossibilities.

# 59 files, no impossibilities in 2 directories.

# Implicit Rules

# No implicit rules.

# Files

# Not a target:
srcs/ft_strlcpy.c:
#  Implicit rule search has been done.
#  Last modified 2021-11-13 13:23:25
#  File has been updated.
#  Successfully updated.
# variable set hash-table stats:
# Load=0/32=0%, Rehash=0, Collisions=0/0=0%

objs/srcs/ft_striteri.o: srcs/ft_striteri.c
#  Implicit rule search has not been done.
#  Implicit/static pattern stem: `srcs/ft_striteri'
#  Last modified 2022-07-31 18:59:42
#  File has been updated.
#  Successfully updated.
# variable set hash-table stats:
# Load=0/32=0%, Rehash=0, Collisions=0/0=0%
#  commands to execute (from `Makefile', line 27):
	@mkdir -p $(@D)
	@$(CC) $(CFLAGS) -I$(INCLUDES) -c $< -o $@
	

# Not a target:
srcs/ft_lstmap.c:
#  Implicit rule search has been done.
#  Last modified 2021-11-13 20:07:49
#  File has been updated.
#  Successfully updated.
# variable set hash-table stats:
# Load=0/32=0%, Rehash=0, Collisions=0/0=0%

# Not a target:
srcs/ft_strncmp.c:
#  Implicit rule search has been done.
#  Last modified 2022-07-31 17:40:03
#  File has been updated.
#  Successfully updated.
# variable set hash-table stats:
# Load=0/32=0%, Rehash=0, Collisions=0/0=0%

# Not a target:
srcs/ft_isalnum.c:
#  Implicit rule search has been done.
#  Last modified 2021-11-13 12:58:46
#  File has been updated.
#  Successfully updated.
# variable set hash-table stats:
# Load=0/32=0%, Rehash=0, Collisions=0/0=0%

objs/srcs/ft_lstnew.o: srcs/ft_lstnew.c
#  Implicit rule search has not been done.
#  Implicit/static pattern stem: `srcs/ft_lstnew'
#  Last modified 2022-07-31 18:59:42
#  File has been updated.
#  Successfully updated.
# variable set hash-table stats:
# Load=0/32=0%, Rehash=0, Collisions=0/0=0%
#  commands to execute (from `Makefile', line 27):
	@mkdir -p $(@D)
	@$(CC) $(CFLAGS) -I$(INCLUDES) -c $< -o $@
	

# Not a target:
srcs/ft_strcmp.c:
#  Implicit rule search has been done.
#  Last modified 2022-07-31 17:40:14
#  File has been updated.
#  Successfully updated.
# variable set hash-table stats:
# Load=0/32=0%, Rehash=0, Collisions=0/0=0%

# Not a target:
srcs/ft_lstadd_front.c:
#  Implicit rule search has been done.
#  Last modified 2021-11-13 12:53:58
#  File has been updated.
#  Successfully updated.
# variable set hash-table stats:
# Load=0/32=0%, Rehash=0, Collisions=0/0=0%

all: libft.a
#  Phony target (prerequisite of .PHONY).
#  Command-line target.
#  Implicit rule search has not been done.
#  File does not exist.
#  File has been updated.
#  Successfully updated.
# variable set hash-table stats:
# Load=0/32=0%, Rehash=0, Collisions=0/0=0%

# Not a target:
srcs/ft_strdup.c:
#  Implicit rule search has been done.
#  Last modified 2021-11-13 12:58:23
#  File has been updated.
#  Successfully updated.
# variable set hash-table stats:
# Load=0/32=0%, Rehash=0, Collisions=0/0=0%

# Not a target:
srcs/ft_lstdelone.c:
#  Implicit rule search has been done.
#  Last modified 2021-11-13 16:35:15
#  File has been updated.
#  Successfully updated.
# variable set hash-table stats:
# Load=0/32=0%, Rehash=0, Collisions=0/0=0%

.PHONY: all clean fclean re test
#  Implicit rule search has not been done.
#  Modification time never checked.
#  File has not been updated.

# Not a target:
srcs/ft_strchr.c:
 
#  Implicit rule search has been done.
#  Last modified 2021-11-13 12:58:05
#  File has been updated.
#  Successfully updated.
# variable set hash-table stats:
# Load=0/32=0%, Rehash=0, Collisions=0/0=0%

objs/srcs/ft_putnbr_fd.o: srcs/ft_putnbr_fd.c
#  Implicit rule search has not been done.
#  Implicit/static pattern stem: `srcs/ft_putnbr_fd'
#  Last modified 2022-07-31 18:59:42
#  File has been updated.
#  Successfully updated.
# variable set hash-table stats:
# Load=0/32=0%, Rehash=0, Collisions=0/0=0%
#  commands to execute (from `Makefile', line 27):
	@mkdir -p $(@D)
	@$(CC) $(CFLAGS) -I$(INCLUDES) -c $< -o $@
	

objs/srcs/get_next_line_utils.o: srcs/get_next_line_utils.c
#  Implicit rule search has not been done.
#  Implicit/static pattern stem: `srcs/get_next_line_utils'
#  Last modified 2022-07-31 18:59:43
#  File has been updated.
#  Successfully updated.
# variable set hash-table stats:
# Load=0/32=0%, Rehash=0, Collisions=0/0=0%
#  commands to execute (from `Makefile', line 27):
	@mkdir -p $(@D)
	@$(CC) $(CFLAGS) -I$(INCLUDES) -c $< -o $@
	

# Not a target:
srcs/ft_toupper.c:
#  Implicit rule search has been done.
#  Last modified 2021-11-13 13:24:03
#  File has been updated.
#  Successfully updated.
# variable set hash-table stats:
# Load=0/32=0%, Rehash=0, Collisions=0/0=0%

objs/srcs/ft_calloc.o: srcs/ft_calloc.c
#  Implicit rule search has not been done.
#  Implicit/static pattern stem: `srcs/ft_calloc'
#  Last modified 2022-07-31 18:59:41
#  File has been updated.
#  Successfully updated.
# variable set hash-table stats:
# Load=0/32=0%, Rehash=0, Collisions=0/0=0%
#  commands to execute (from `Makefile', line 27):
	@mkdir -p $(@D)
	@$(CC) $(CFLAGS) -I$(INCLUDES) -c $< -o $@
	

objs/srcs/ft_substr.o: srcs/ft_substr.c
#  Implicit rule search has not been done.
#  Implicit/static pattern stem: `srcs/ft_substr'
#  Last modified 2022-07-31 18:59:43
#  File has been updated.
#  Successfully updated.
# variable set hash-table stats:
# Load=0/32=0%, Rehash=0, Collisions=0/0=0%
#  commands to execute (from `Makefile', line 27):
	@mkdir -p $(@D)
	@$(CC) $(CFLAGS) -I$(INCLUDES) -c $< -o $@
	

objs/srcs/ft_isascii.o: srcs/ft_isascii.c
#  Implicit rule search has not been done.
#  Implicit/static pattern stem: `srcs/ft_isascii'
#  Last modified 2022-07-31 18:59:41
#  File has been updated.
#  Successfully updated.
# variable set hash-table stats:
# Load=0/32=0%, Rehash=0, Collisions=0/0=0%
#  commands to execute (from `Makefile', line 27):
	@mkdir -p $(@D)
	@$(CC) $(CFLAGS) -I$(INCLUDES) -c $< -o $@
	

# Not a target:
srcs/ft_strnstr.c:
#  Implicit rule search has been done.
#  Last modified 2021-11-13 15:44:44
#  File has been updated.
#  Successfully updated.
# variable set hash-table stats:
# Load=0/32=0%, Rehash=0, Collisions=0/0=0%

# Not a target:
srcs/ft_putstr_fd.c:
#  Implicit rule search has been done.
#  Last modified 2022-05-29 17:43:25
#  File has been updated.
#  Successfully updated.
# variable set hash-table stats:
# Load=0/32=0%, Rehash=0, Collisions=0/0=0%

# Not a target:
srcs/get_next_line.c:
#  Implicit rule search has been done.
#  Last modified 2022-01-30 14:22:10
#  File has been updated.
#  Successfully updated.
# variable set hash-table stats:
# Load=0/32=0%, Rehash=0, Collisions=0/0=0%

objs/srcs/ft_isalpha.o: srcs/ft_isalpha.c
#  Implicit rule search has not been done.
#  Implicit/static pattern stem: `srcs/ft_isalpha'
#  Last modified 2022-07-31 18:59:41
#  File has been updated.
#  Successfully updated.
# variable set hash-table stats:
# Load=0/32=0%, Rehash=0, Collisions=0/0=0%
#  commands to execute (from `Makefile', line 27):
	@mkdir -p $(@D)
	@$(CC) $(CFLAGS) -I$(INCLUDES) -c $< -o $@
	

objs/srcs/ft_lstsize.o: srcs/ft_lstsize.c
#  Implicit rule search has not been done.
#  Implicit/static pattern stem: `srcs/ft_lstsize'
#  Last modified 2022-07-31 18:59:42
#  File has been updated.
#  Successfully updated.
# variable set hash-table stats:
# Load=0/32=0%, Rehash=0, Collisions=0/0=0%
#  commands to execute (from `Makefile', line 27):
	@mkdir -p $(@D)
	@$(CC) $(CFLAGS) -I$(INCLUDES) -c $< -o $@
	

git:
#  Implicit rule search has not been done.
#  Modification time never checked.
#  File has not been updated.
#  commands to execute (from `Makefile', line 43):
	git add .
	git commit -m "$m"
	git push origin main
	

# Not a target:
srcs/ft_atoi.c:
#  Implicit rule search has been done.
#  Last modified 2022-07-24 15:32:55
#  File has been updated.
#  Successfully updated.
# variable set hash-table stats:
# Load=0/32=0%, Rehash=0, Collisions=0/0=0%

# Not a target:
.SUFFIXES:
#  Implicit rule search has not been done.
#  Modification time never checked.
#  File has not been updated.

# Not a target:
Makefile:
#  Implicit rule search has been done.
#  Last modified 2022-07-31 18:59:29
#  File has been updated.
#  Successfully updated.
# variable set hash-table stats:
# Load=0/32=0%, Rehash=0, Collisions=0/0=0%

# Not a target:
srcs/ft_putchar_fd.c:
#  Implicit rule search has been done.
#  Last modified 2021-11-13 12:57:17
#  File has been updated.
#  Successfully updated.
# variable set hash-table stats:
# Load=0/32=0%, Rehash=0, Collisions=0/0=0%

# Not a target:
srcs/ft_isascii.c:
#  Implicit rule search has been done.
#  Last modified 2021-11-13 12:58:51
#  File has been updated.
#  Successfully updated.
# variable set hash-table stats:
# Load=0/32=0%, Rehash=0, Collisions=0/0=0%

libft.a: objs/srcs/ft_atoi.o objs/srcs/ft_bzero.o objs/srcs/ft_calloc.o objs/srcs/ft_isalnum.o objs/srcs/ft_isalpha.o objs/srcs/ft_isascii.o objs/srcs/ft_isdigit.o objs/srcs/ft_isprint.o objs/srcs/ft_itoa.o objs/srcs/ft_lstadd_back.o objs/srcs/ft_lstadd_front.o objs/srcs/ft_lstclear.o objs/srcs/ft_lstdelone.o objs/srcs/ft_lstiter.o objs/srcs/ft_lstlast.o objs/srcs/ft_lstmap.o objs/srcs/ft_lstnew.o objs/srcs/ft_lstsize.o objs/srcs/ft_memchr.o objs/srcs/ft_memcmp.o objs/srcs/ft_memcpy.o objs/srcs/ft_memmove.o objs/srcs/ft_memset.o objs/srcs/ft_printf.o objs/srcs/ft_putchar_fd.o objs/srcs/ft_putendl_fd.o objs/srcs/ft_putnbr_fd.o objs/srcs/ft_putstr_fd.o objs/srcs/ft_split.o objs/srcs/ft_strchr.o objs/srcs/ft_strcmp.o objs/srcs/ft_strdup.o objs/srcs/ft_striteri.o objs/srcs/ft_strjoin.o objs/srcs/ft_strlcat.o objs/srcs/ft_strlcpy.o objs/srcs/ft_strlen.o objs/srcs/ft_strmapi.o objs/srcs/ft_strncmp.o objs/srcs/ft_strnstr.o objs/srcs/ft_strrchr.o objs/srcs/ft_strtrim.o objs/srcs/ft_substr.o objs/srcs/ft_tolower.o objs/srcs/ft_toupper.o objs/srcs/get_next_line.o objs/srcs/get_next_line_utils.o
#  Implicit rule search has not been done.
#  Last modified 2022-07-31 18:59:43
#  File has been updated.
#  Successfully updated.
# variable set hash-table stats:
# Load=0/32=0%, Rehash=0, Collisions=0/0=0%
#  commands to execute (from `Makefile', line 23):
	@ar rc $(NAME) $(OBJS)
	@printf "\033[0;32mðŸ’¬ Libft is compiled ! ðŸ€\033[0m\n"
	

objs/srcs/ft_strlcpy.o: srcs/ft_strlcpy.c
#  Implicit rule search has not been done.
#  Implicit/static pattern stem: `srcs/ft_strlcpy'
#  Last modified 2022-07-31 18:59:42
#  File has been updated.
#  Successfully updated.
# variable set hash-table stats:
# Load=0/32=0%, Rehash=0, Collisions=0/0=0%
#  commands to execute (from `Makefile', line 27):
	@mkdir -p $(@D)
	@$(CC) $(CFLAGS) -I$(INCLUDES) -c $< -o $@
	

test: all
#  Phony target (prerequisite of .PHONY).
#  Implicit rule search has not been done.
#  File does not exist.
#  File has not been updated.
#  commands to execute (from `Makefile', line 41):
	./$(NAME)
	

# Not a target:
srcs/ft_strtrim.c:
#  Implicit rule search has been done.
#  Last modified 2021-11-13 15:51:11
#  File has been updated.
#  Successfully updated.
# variable set hash-table stats:
# Load=0/32=0%, Rehash=0, Collisions=0/0=0%

objs/srcs/ft_lstmap.o: srcs/ft_lstmap.c
#  Implicit rule search has not been done.
#  Implicit/static pattern stem: `srcs/ft_lstmap'
#  Last modified 2022-07-31 18:59:42
#  File has been updated.
#  Successfully updated.
# variable set hash-table stats:
# Load=0/32=0%, Rehash=0, Collisions=0/0=0%
#  commands to execute (from `Makefile', line 27):
	@mkdir -p $(@D)
	@$(CC) $(CFLAGS) -I$(INCLUDES) -c $< -o $@
	

objs/srcs/ft_strncmp.o: srcs/ft_strncmp.c
 
#  Implicit rule search has not been done.
#  Implicit/static pattern stem: `srcs/ft_strncmp'
#  Last modified 2022-07-31 18:59:43
#  File has been updated.
#  Successfully updated.
# variable set hash-table stats:
# Load=0/32=0%, Rehash=0, Collisions=0/0=0%
#  commands to execute (from `Makefile', line 27):
	@mkdir -p $(@D)
	@$(CC) $(CFLAGS) -I$(INCLUDES) -c $< -o $@
	

objs/srcs/ft_isalnum.o: srcs/ft_isalnum.c
#  Implicit rule search has not been done.
#  Implicit/static pattern stem: `srcs/ft_isalnum'
#  Last modified 2022-07-31 18:59:41
#  File has been updated.
#  Successfully updated.
# variable set hash-table stats:
# Load=0/32=0%, Rehash=0, Collisions=0/0=0%
#  commands to execute (from `Makefile', line 27):
	@mkdir -p $(@D)
	@$(CC) $(CFLAGS) -I$(INCLUDES) -c $< -o $@
	

# Not a target:
srcs/ft_lstadd_back.c:
#  Implicit rule search has been done.
#  Last modified 2021-11-13 12:12:22
#  File has been updated.
#  Successfully updated.
# variable set hash-table stats:
# Load=0/32=0%, Rehash=0, Collisions=0/0=0%

objs/srcs/ft_strcmp.o: srcs/ft_strcmp.c
#  Implicit rule search has not been done.
#  Implicit/static pattern stem: `srcs/ft_strcmp'
#  Last modified 2022-07-31 18:59:42
#  File has been updated.
#  Successfully updated.
# variable set hash-table stats:
# Load=0/32=0%, Rehash=0, Collisions=0/0=0%
#  commands to execute (from `Makefile', line 27):
	@mkdir -p $(@D)
	@$(CC) $(CFLAGS) -I$(INCLUDES) -c $< -o $@
	

objs/srcs/ft_lstadd_front.o: srcs/ft_lstadd_front.c
#  Implicit rule search has not been done.
#  Implicit/static pattern stem: `srcs/ft_lstadd_front'
#  Last modified 2022-07-31 18:59:41
#  File has been updated.
#  Successfully updated.
# variable set hash-table stats:
# Load=0/32=0%, Rehash=0, Collisions=0/0=0%
#  commands to execute (from `Makefile', line 27):
	@mkdir -p $(@D)
	@$(CC) $(CFLAGS) -I$(INCLUDES) -c $< -o $@
	

objs/srcs/ft_strdup.o: srcs/ft_strdup.c
#  Implicit rule search has not been done.
#  Implicit/static pattern stem: `srcs/ft_strdup'
#  Last modified 2022-07-31 18:59:42
#  File has been updated.
#  Successfully updated.
# variable set hash-table stats:
# Load=0/32=0%, Rehash=0, Collisions=0/0=0%
#  commands to execute (from `Makefile', line 27):
	@mkdir -p $(@D)
	@$(CC) $(CFLAGS) -I$(INCLUDES) -c $< -o $@
	

# Not a target:
srcs/ft_putendl_fd.c:
#  Implicit rule search has been done.
#  Last modified 2021-11-13 15:59:11
#  File has been updated.
#  Successfully updated.
# variable set hash-table stats:
# Load=0/32=0%, Rehash=0, Collisions=0/0=0%

objs/srcs/ft_lstdelone.o: srcs/ft_lstdelone.c
#  Implicit rule search has not been done.
#  Implicit/static pattern stem: `srcs/ft_lstdelone'
#  Last modified 2022-07-31 18:59:42
#  File has been updated.
#  Successfully updated.
# variable set hash-table stats:
# Load=0/32=0%, Rehash=0, Collisions=0/0=0%
#  commands to execute (from `Makefile', line 27):
	@mkdir -p $(@D)
	@$(CC) $(CFLAGS) -I$(INCLUDES) -c $< -o $@
	

# Not a target:
srcs/ft_strmapi.c:
#  Implicit rule search has been done.
#  Last modified 2021-11-12 17:00:16
#  File has been updated.
#  Successfully updated.
# variable set hash-table stats:
# Load=0/32=0%, Rehash=0, Collisions=0/0=0%

# Not a target:
srcs/ft_lstiter.c:
#  Implicit rule search has been done.
#  Last modified 2021-11-13 16:27:13
#  File has been updated.
#  Successfully updated.
# variable set hash-table stats:
# Load=0/32=0%, Rehash=0, Collisions=0/0=0%

objs/srcs/ft_memmove.o: srcs/ft_memmove.c
#  Implicit rule search has not been done.
#  Implicit/static pattern stem: `srcs/ft_memmove'
#  Last modified 2022-07-31 18:59:42
#  File has been updated.
#  Successfully updated.
# variable set hash-table stats:
# Load=0/32=0%, Rehash=0, Collisions=0/0=0%
#  commands to execute (from `Makefile', line 27):
	@mkdir -p $(@D)
	@$(CC) $(CFLAGS) -I$(INCLUDES) -c $< -o $@
	

objs/srcs/ft_strchr.o: srcs/ft_strchr.c
#  Implicit rule search has not been done.
#  Implicit/static pattern stem: `srcs/ft_strchr'
#  Last modified 2022-07-31 18:59:42
#  File has been updated.
#  Successfully updated.
# variable set hash-table stats:
# Load=0/32=0%, Rehash=0, Collisions=0/0=0%
#  commands to execute (from `Makefile', line 27):
	@mkdir -p $(@D)
	@$(CC) $(CFLAGS) -I$(INCLUDES) -c $< -o $@
	

objs/srcs/ft_toupper.o: srcs/ft_toupper.c
#  Implicit rule search has not been done.
#  Implicit/static pattern stem: `srcs/ft_toupper'
#  Last modified 2022-07-31 18:59:43
#  File has been updated.
#  Successfully updated.
# variable set hash-table stats:
# Load=0/32=0%, Rehash=0, Collisions=0/0=0%
#  commands to execute (from `Makefile', line 27):
	@mkdir -p $(@D)
	@$(CC) $(CFLAGS) -I$(INCLUDES) -c $< -o $@
	

# Not a target:
srcs/ft_memcpy.c:
#  Implicit rule search has been done.
#  Last modified 2021-11-13 13:24:39
#  File has been updated.
#  Successfully updated.
# variable set hash-table stats:
# Load=0/32=0%, Rehash=0, Collisions=0/0=0%

# Not a target:
srcs/ft_itoa.c:
#  Implicit rule search has been done.
#  Last modified 2021-11-12 16:13:10
#  File has been updated.
#  Successfully updated.
# variable set hash-table stats:
# Load=0/32=0%, Rehash=0, Collisions=0/0=0%

# Not a target:
srcs/ft_memcmp.c:
#  Implicit rule search has been done.
#  Last modified 2021-11-13 15:18:14
#  File has been updated.
#  Successfully updated.
# variable set hash-table stats:
# Load=0/32=0%, Rehash=0, Collisions=0/0=0%

# Not a target:
srcs/ft_strlen.c:
#  Implicit rule search has been done.
#  Last modified 2022-05-29 16:54:21
#  File has been updated.
#  Successfully updated.
# variable set hash-table stats:
# Load=0/32=0%, Rehash=0, Collisions=0/0=0%

fclean: clean
#  Phony target (prerequisite of .PHONY).
#  Implicit rule search has not been done.
#  File does not exist.
#  File has not been updated.
#  commands to execute (from `Makefile', line 35):
	@rm -rf $(NAME)
	@printf "\033[0;31mðŸ’¬ '${NAME}' is deleted ! ðŸ‘»\033[0m\n"
	

objs/srcs/ft_strnstr.o: srcs/ft_strnstr.c
#  Implicit rule search has not been done.
#  Implicit/static pattern stem: `srcs/ft_strnstr'
#  Last modified 2022-07-31 18:59:43
#  File has been updated.
#  Successfully updated.
# variable set hash-table stats:
# Load=0/32=0%, Rehash=0, Collisions=0/0=0%
#  commands to execute (from `Makefile', line 27):
	@mkdir -p $(@D)
	@$(CC) $(CFLAGS) -I$(INCLUDES) -c $< -o $@
	

objs/srcs/ft_putstr_fd.o: srcs/ft_putstr_fd.c
#  Implicit rule search has not been done.
#  Implicit/static pattern stem: `srcs/ft_putstr_fd'
#  Last modified 2022-07-31 18:59:42
#  File has been updated.
#  Successfully updated.
# variable set hash-table stats:
# Load=0/32=0%, Rehash=0, Collisions=0/0=0%
#  commands to execute (from `Makefile', line 27):
	@mkdir -p $(@D)
	@$(CC) $(CFLAGS) -I$(INCLUDES) -c $< -o $@
	

# Not a target:
srcs/ft_lstlast.c:
#  Implicit rule search has been done.
#  Last modified 2021-11-13 12:54:45
#  File has been updated.
#  Successfully updated.
# variable set hash-table stats:
# Load=0/32=0%, Rehash=0, Collisions=0/0=0%

# Not a target:
srcs/ft_memchr.c:
#  Implicit rule search has been done.
#  Last modified 2021-11-13 13:24:34
#  File has been updated.
#  Successfully updated.
# variable set hash-table stats:
# Load=0/32=0%, Rehash=0, Collisions=0/0=0%

objs/srcs/get_next_line.o: srcs/get_next_line.c
#  Implicit rule search has not been done.
#  Implicit/static pattern stem: `srcs/get_next_line'
#  Last modified 2022-07-31 18:59:43
#  File has been updated.
#  Successfully updated.
# variable set hash-table stats:
# Load=0/32=0%, Rehash=0, Collisions=0/0=0%
#  commands to execute (from `Makefile', line 27):
	@mkdir -p $(@D)
	@$(CC) $(CFLAGS) -I$(INCLUDES) -c $< -o $@
	

# Not a target:
srcs/ft_memset.c:
#  Implicit rule search has been done.
#  Last modified 2021-11-13 13:24:51
#  File has been updated.
#  Successfully updated.
# variable set hash-table stats:
# Load=0/32=0%, Rehash=0, Collisions=0/0=0%

objs/srcs/ft_putchar_fd.o: srcs/ft_putchar_fd.c
#  Implicit rule search has not been done.
#  Implicit/static pattern stem: `srcs/ft_putchar_fd'
#  Last modified 2022-07-31 18:59:42
#  File has been updated.
#  Successfully updated.
# variable set hash-table stats:
 
# Load=0/32=0%, Rehash=0, Collisions=0/0=0%
#  commands to execute (from `Makefile', line 27):
	@mkdir -p $(@D)
	@$(CC) $(CFLAGS) -I$(INCLUDES) -c $< -o $@
	

# Not a target:
srcs/ft_tolower.c:
#  Implicit rule search has been done.
#  Last modified 2021-11-13 13:24:00
#  File has been updated.
#  Successfully updated.
# variable set hash-table stats:
# Load=0/32=0%, Rehash=0, Collisions=0/0=0%

objs/srcs/ft_atoi.o: srcs/ft_atoi.c
#  Implicit rule search has not been done.
#  Implicit/static pattern stem: `srcs/ft_atoi'
#  Last modified 2022-07-31 18:59:41
#  File has been updated.
#  Successfully updated.
# variable set hash-table stats:
# Load=0/32=0%, Rehash=0, Collisions=0/0=0%
#  commands to execute (from `Makefile', line 27):
	@mkdir -p $(@D)
	@$(CC) $(CFLAGS) -I$(INCLUDES) -c $< -o $@
	

# Not a target:
srcs/ft_strrchr.c:
#  Implicit rule search has been done.
#  Last modified 2021-11-12 16:13:10
#  File has been updated.
#  Successfully updated.
# variable set hash-table stats:
# Load=0/32=0%, Rehash=0, Collisions=0/0=0%

# Not a target:
srcs/ft_strjoin.c:
#  Implicit rule search has been done.
#  Last modified 2021-11-13 15:46:32
#  File has been updated.
#  Successfully updated.
# variable set hash-table stats:
# Load=0/32=0%, Rehash=0, Collisions=0/0=0%

# Not a target:
.DEFAULT:
#  Implicit rule search has not been done.
#  Modification time never checked.
#  File has not been updated.

# Not a target:
srcs/ft_split.c:
#  Implicit rule search has been done.
#  Last modified 2022-07-17 16:51:17
#  File has been updated.
#  Successfully updated.
# variable set hash-table stats:
# Load=0/32=0%, Rehash=0, Collisions=0/0=0%

# Not a target:
srcs/ft_lstclear.c:
#  Implicit rule search has been done.
#  Last modified 2021-11-13 12:54:10
#  File has been updated.
#  Successfully updated.
# variable set hash-table stats:
# Load=0/32=0%, Rehash=0, Collisions=0/0=0%

# Not a target:
srcs/ft_printf.c:
#  Implicit rule search has been done.
#  Last modified 2022-02-13 14:20:15
#  File has been updated.
#  Successfully updated.
# variable set hash-table stats:
# Load=0/32=0%, Rehash=0, Collisions=0/0=0%

# Not a target:
srcs/ft_memmove.c:
#  Implicit rule search has been done.
#  Last modified 2021-11-13 13:24:43
#  File has been updated.
#  Successfully updated.
# variable set hash-table stats:
# Load=0/32=0%, Rehash=0, Collisions=0/0=0%

objs/srcs/ft_strtrim.o: srcs/ft_strtrim.c
#  Implicit rule search has not been done.
#  Implicit/static pattern stem: `srcs/ft_strtrim'
#  Last modified 2022-07-31 18:59:43
#  File has been updated.
#  Successfully updated.
# variable set hash-table stats:
# Load=0/32=0%, Rehash=0, Collisions=0/0=0%
#  commands to execute (from `Makefile', line 27):
	@mkdir -p $(@D)
	@$(CC) $(CFLAGS) -I$(INCLUDES) -c $< -o $@
	

# Not a target:
srcs/ft_strlcat.c:
#  Implicit rule search has been done.
#  Last modified 2021-11-13 15:54:25
#  File has been updated.
#  Successfully updated.
# variable set hash-table stats:
# Load=0/32=0%, Rehash=0, Collisions=0/0=0%

objs/srcs/ft_lstadd_back.o: srcs/ft_lstadd_back.c
#  Implicit rule search has not been done.
#  Implicit/static pattern stem: `srcs/ft_lstadd_back'
#  Last modified 2022-07-31 18:59:41
#  File has been updated.
#  Successfully updated.
# variable set hash-table stats:
# Load=0/32=0%, Rehash=0, Collisions=0/0=0%
#  commands to execute (from `Makefile', line 27):
	@mkdir -p $(@D)
	@$(CC) $(CFLAGS) -I$(INCLUDES) -c $< -o $@
	

re: fclean all
#  Phony target (prerequisite of .PHONY).
#  Implicit rule search has not been done.
#  File does not exist.
#  File has not been updated.

# Not a target:
srcs/ft_isdigit.c:
#  Implicit rule search has been done.
#  Last modified 2021-11-13 12:58:54
#  File has been updated.
#  Successfully updated.
# variable set hash-table stats:
# Load=0/32=0%, Rehash=0, Collisions=0/0=0%

objs/srcs/ft_putendl_fd.o: srcs/ft_putendl_fd.c
#  Implicit rule search has not been done.
#  Implicit/static pattern stem: `srcs/ft_putendl_fd'
#  Last modified 2022-07-31 18:59:42
#  File has been updated.
#  Successfully updated.
# variable set hash-table stats:
# Load=0/32=0%, Rehash=0, Collisions=0/0=0%
#  commands to execute (from `Makefile', line 27):
	@mkdir -p $(@D)
	@$(CC) $(CFLAGS) -I$(INCLUDES) -c $< -o $@
	

# Not a target:
srcs/ft_bzero.c:
#  Implicit rule search has been done.
#  Last modified 2021-11-13 12:58:36
#  File has been updated.
#  Successfully updated.
# variable set hash-table stats:
# Load=0/32=0%, Rehash=0, Collisions=0/0=0%

clean:
#  Phony target (prerequisite of .PHONY).
#  Implicit rule search has not been done.
#  File does not exist.
#  File has not been updated.
#  commands to execute (from `Makefile', line 31):
	@rm -rf $(OBJSDIR)
	@printf "\033[0;34mðŸ’¬ Files in '${OBJSDIR}' are deleted ! ðŸ‘»\033[0m\n"
	

objs/srcs/ft_strmapi.o: srcs/ft_strmapi.c
#  Implicit rule search has not been done.
#  Implicit/static pattern stem: `srcs/ft_strmapi'
#  Last modified 2022-07-31 18:59:43
#  File has been updated.
#  Successfully updated.
# variable set hash-table stats:
# Load=0/32=0%, Rehash=0, Collisions=0/0=0%
#  commands to execute (from `Makefile', line 27):
	@mkdir -p $(@D)
	@$(CC) $(CFLAGS) -I$(INCLUDES) -c $< -o $@
	

objs/srcs/ft_lstiter.o: srcs/ft_lstiter.c
#  Implicit rule search has not been done.
#  Implicit/static pattern stem: `srcs/ft_lstiter'
#  Last modified 2022-07-31 18:59:42
#  File has been updated.
#  Successfully updated.
# variable set hash-table stats:
# Load=0/32=0%, Rehash=0, Collisions=0/0=0%
#  commands to execute (from `Makefile', line 27):
	@mkdir -p $(@D)
	@$(CC) $(CFLAGS) -I$(INCLUDES) -c $< -o $@
	

# Not a target:
srcs/ft_isprint.c:
#  Implicit rule search has been done.
#  Last modified 2021-11-12 16:13:10
#  File has been updated.
#  Successfully updated.
# variable set hash-table stats:
# Load=0/32=0%, Rehash=0, Collisions=0/0=0%

# Not a target:
srcs/ft_lstsize.c:
#  Implicit rule search has been done.
#  Last modified 2021-11-13 12:55:18
#  File has been updated.
#  Successfully updated.
# variable set hash-table stats:
# Load=0/32=0%, Rehash=0, Collisions=0/0=0%

objs/srcs/ft_memcpy.o: srcs/ft_memcpy.c
#  Implicit rule search has not been done.
#  Implicit/static pattern stem: `srcs/ft_memcpy'
#  Last modified 2022-07-31 18:59:42
#  File has been updated.
#  Successfully updated.
# variable set hash-table stats:
# Load=0/32=0%, Rehash=0, Collisions=0/0=0%
#  commands to execute (from `Makefile', line 27):
	@mkdir -p $(@D)
	@$(CC) $(CFLAGS) -I$(INCLUDES) -c $< -o $@
	

objs/srcs/ft_itoa.o: srcs/ft_itoa.c
#  Implicit rule search has not been done.
#  Implicit/static pattern stem: `srcs/ft_itoa'
#  Last modified 2022-07-31 18:59:41
#  File has been updated.
#  Successfully updated.
# variable set hash-table stats:
# Load=0/32=0%, Rehash=0, Collisions=0/0=0%
#  commands to execute (from `Makefile', line 27):
	@mkdir -p $(@D)
	@$(CC) $(CFLAGS) -I$(INCLUDES) -c $< -o $@
	

objs/srcs/ft_memcmp.o: srcs/ft_memcmp.c
#  Implicit rule search has not been done.
#  Implicit/static pattern stem: `srcs/ft_memcmp'
#  Last modified 2022-07-31 18:59:42
#  File has been updated.
#  Successfully updated.
# variable set hash-table stats:
# Load=0/32=0%, Rehash=0, Collisions=0/0=0%
#  commands to execute (from `Makefile', line 27):
	@mkdir -p $(@D)
	@$(CC) $(CFLAGS) -I$(INCLUDES) -c $< -o $@
	

objs/srcs/ft_strlen.o: srcs/ft_strlen.c
#  Implicit rule search has not been done.
#  Implicit/static pattern stem: `srcs/ft_strlen'
#  Last modified 2022-07-31 18:59:43
#  File has been updated.
#  Successfully updated.
# variable set hash-table stats:
# Load=0/32=0%, Rehash=0, Collisions=0/0=0%
#  commands to execute (from `Makefile', line 27):
	@mkdir -p $(@D)
	@$(CC) $(CFLAGS) -I$(INCLUDES) -c $< -o $@
	

# Not a target:
srcs/ft_striteri.c:
#  Implicit rule search has been done.
#  Last modified 2021-11-12 18:48:38
#  File has been updated.
#  Successfully updated.
# variable set hash-table stats:
# Load=0/32=0%, Rehash=0, Collisions=0/0=0%

objs/srcs/ft_isdigit.o: srcs/ft_isdigit.c
#  Implicit rule search has not been done.
#  Implicit/static pattern stem: `srcs/ft_isdigit'
#  Last modified 2022-07-31 18:59:41
 
#  File has been updated.
#  Successfully updated.
# variable set hash-table stats:
# Load=0/32=0%, Rehash=0, Collisions=0/0=0%
#  commands to execute (from `Makefile', line 27):
	@mkdir -p $(@D)
	@$(CC) $(CFLAGS) -I$(INCLUDES) -c $< -o $@
	

objs/srcs/ft_lstlast.o: srcs/ft_lstlast.c
#  Implicit rule search has not been done.
#  Implicit/static pattern stem: `srcs/ft_lstlast'
#  Last modified 2022-07-31 18:59:42
#  File has been updated.
#  Successfully updated.
# variable set hash-table stats:
# Load=0/32=0%, Rehash=0, Collisions=0/0=0%
#  commands to execute (from `Makefile', line 27):
	@mkdir -p $(@D)
	@$(CC) $(CFLAGS) -I$(INCLUDES) -c $< -o $@
	

objs/srcs/ft_memchr.o: srcs/ft_memchr.c
#  Implicit rule search has not been done.
#  Implicit/static pattern stem: `srcs/ft_memchr'
#  Last modified 2022-07-31 18:59:42
#  File has been updated.
#  Successfully updated.
# variable set hash-table stats:
# Load=0/32=0%, Rehash=0, Collisions=0/0=0%
#  commands to execute (from `Makefile', line 27):
	@mkdir -p $(@D)
	@$(CC) $(CFLAGS) -I$(INCLUDES) -c $< -o $@
	

# Not a target:
srcs/ft_lstnew.c:
#  Implicit rule search has been done.
#  Last modified 2021-11-13 12:14:43
#  File has been updated.
#  Successfully updated.
# variable set hash-table stats:
# Load=0/32=0%, Rehash=0, Collisions=0/0=0%

objs/srcs/ft_memset.o: srcs/ft_memset.c
#  Implicit rule search has not been done.
#  Implicit/static pattern stem: `srcs/ft_memset'
#  Last modified 2022-07-31 18:59:42
#  File has been updated.
#  Successfully updated.
# variable set hash-table stats:
# Load=0/32=0%, Rehash=0, Collisions=0/0=0%
#  commands to execute (from `Makefile', line 27):
	@mkdir -p $(@D)
	@$(CC) $(CFLAGS) -I$(INCLUDES) -c $< -o $@
	

objs/srcs/ft_tolower.o: srcs/ft_tolower.c
#  Implicit rule search has not been done.
#  Implicit/static pattern stem: `srcs/ft_tolower'
#  Last modified 2022-07-31 18:59:43
#  File has been updated.
#  Successfully updated.
# variable set hash-table stats:
# Load=0/32=0%, Rehash=0, Collisions=0/0=0%
#  commands to execute (from `Makefile', line 27):
	@mkdir -p $(@D)
	@$(CC) $(CFLAGS) -I$(INCLUDES) -c $< -o $@
	

# Not a target:
srcs/ft_putnbr_fd.c:
#  Implicit rule search has been done.
#  Last modified 2021-11-13 12:57:28
#  File has been updated.
#  Successfully updated.
# variable set hash-table stats:
# Load=0/32=0%, Rehash=0, Collisions=0/0=0%

objs/srcs/ft_strrchr.o: srcs/ft_strrchr.c
#  Implicit rule search has not been done.
#  Implicit/static pattern stem: `srcs/ft_strrchr'
#  Last modified 2022-07-31 18:59:43
#  File has been updated.
#  Successfully updated.
# variable set hash-table stats:
# Load=0/32=0%, Rehash=0, Collisions=0/0=0%
#  commands to execute (from `Makefile', line 27):
	@mkdir -p $(@D)
	@$(CC) $(CFLAGS) -I$(INCLUDES) -c $< -o $@
	

objs/srcs/ft_strjoin.o: srcs/ft_strjoin.c
#  Implicit rule search has not been done.
#  Implicit/static pattern stem: `srcs/ft_strjoin'
#  Last modified 2022-07-31 18:59:42
#  File has been updated.
#  Successfully updated.
# variable set hash-table stats:
# Load=0/32=0%, Rehash=0, Collisions=0/0=0%
#  commands to execute (from `Makefile', line 27):
	@mkdir -p $(@D)
	@$(CC) $(CFLAGS) -I$(INCLUDES) -c $< -o $@
	

objs/srcs/ft_split.o: srcs/ft_split.c
#  Implicit rule search has not been done.
#  Implicit/static pattern stem: `srcs/ft_split'
#  Last modified 2022-07-31 18:59:42
#  File has been updated.
#  Successfully updated.
# variable set hash-table stats:
# Load=0/32=0%, Rehash=0, Collisions=0/0=0%
#  commands to execute (from `Makefile', line 27):
	@mkdir -p $(@D)
	@$(CC) $(CFLAGS) -I$(INCLUDES) -c $< -o $@
	

objs/srcs/ft_lstclear.o: srcs/ft_lstclear.c
#  Implicit rule search has not been done.
#  Implicit/static pattern stem: `srcs/ft_lstclear'
#  Last modified 2022-07-31 18:59:42
#  File has been updated.
#  Successfully updated.
# variable set hash-table stats:
# Load=0/32=0%, Rehash=0, Collisions=0/0=0%
#  commands to execute (from `Makefile', line 27):
	@mkdir -p $(@D)
	@$(CC) $(CFLAGS) -I$(INCLUDES) -c $< -o $@
	

objs/srcs/ft_printf.o: srcs/ft_printf.c
#  Implicit rule search has not been done.
#  Implicit/static pattern stem: `srcs/ft_printf'
#  Last modified 2022-07-31 18:59:42
#  File has been updated.
#  Successfully updated.
# variable set hash-table stats:
# Load=0/32=0%, Rehash=0, Collisions=0/0=0%
#  commands to execute (from `Makefile', line 27):
	@mkdir -p $(@D)
	@$(CC) $(CFLAGS) -I$(INCLUDES) -c $< -o $@
	

# Not a target:
srcs/get_next_line_utils.c:
#  Implicit rule search has been done.
#  Last modified 2022-01-30 14:22:10
#  File has been updated.
#  Successfully updated.
# variable set hash-table stats:
# Load=0/32=0%, Rehash=0, Collisions=0/0=0%

# Not a target:
srcs/ft_calloc.c:
#  Implicit rule search has been done.
#  Last modified 2021-11-13 12:58:40
#  File has been updated.
#  Successfully updated.
# variable set hash-table stats:
# Load=0/32=0%, Rehash=0, Collisions=0/0=0%

# Not a target:
srcs/ft_substr.c:
#  Implicit rule search has been done.
#  Last modified 2022-07-24 13:45:04
#  File has been updated.
#  Successfully updated.
# variable set hash-table stats:
# Load=0/32=0%, Rehash=0, Collisions=0/0=0%

objs/srcs/ft_strlcat.o: srcs/ft_strlcat.c
#  Implicit rule search has not been done.
#  Implicit/static pattern stem: `srcs/ft_strlcat'
#  Last modified 2022-07-31 18:59:42
#  File has been updated.
#  Successfully updated.
# variable set hash-table stats:
# Load=0/32=0%, Rehash=0, Collisions=0/0=0%
#  commands to execute (from `Makefile', line 27):
	@mkdir -p $(@D)
	@$(CC) $(CFLAGS) -I$(INCLUDES) -c $< -o $@
	

# Not a target:
srcs/ft_isalpha.c:
#  Implicit rule search has been done.
#  Last modified 2021-11-13 12:58:49
#  File has been updated.
#  Successfully updated.
# variable set hash-table stats:
# Load=0/32=0%, Rehash=0, Collisions=0/0=0%

objs/srcs/ft_bzero.o: srcs/ft_bzero.c
#  Implicit rule search has not been done.
#  Implicit/static pattern stem: `srcs/ft_bzero'
#  Last modified 2022-07-31 18:59:41
#  File has been updated.
#  Successfully updated.
# variable set hash-table stats:
# Load=0/32=0%, Rehash=0, Collisions=0/0=0%
#  commands to execute (from `Makefile', line 27):
	@mkdir -p $(@D)
	@$(CC) $(CFLAGS) -I$(INCLUDES) -c $< -o $@
	

objs/srcs/ft_isprint.o: srcs/ft_isprint.c
#  Implicit rule search has not been done.
#  Implicit/static pattern stem: `srcs/ft_isprint'
#  Last modified 2022-07-31 18:59:41
#  File has been updated.
#  Successfully updated.
# variable set hash-table stats:
# Load=0/32=0%, Rehash=0, Collisions=0/0=0%
#  commands to execute (from `Makefile', line 27):
	@mkdir -p $(@D)
	@$(CC) $(CFLAGS) -I$(INCLUDES) -c $< -o $@
	

# files hash-table stats:
# Load=105/1024=10%, Rehash=0, Collisions=13/222=6%
# VPATH Search Paths

# No `vpath' search paths.

# No general (`VPATH' variable) search path.

# # of strings in strcache: 1
# # of strcache buffers: 1
# strcache size: total = 4096 / max = 4096 / min = 4096 / avg = 4096
# strcache free: total = 4087 / max = 4087 / min = 4087 / avg = 4087

# Finished Make data base on Sun Jul 31 19:04:51 2022

 
