make all --print-data-base --no-builtin-variables --no-builtin-rules --question
# GNU Make 3.81
# Copyright (C) 2006  Free Software Foundation, Inc.
# This is free software; see the source for copying conditions.
# There is NO warranty; not even for MERCHANTABILITY or FITNESS FOR A
# PARTICULAR PURPOSE.

# This program built for i386-apple-darwin11.3.0
 

# Make data base, printed on Sun Jul 31 13:56:39 2022

# Variables

# automatic
<D = $(patsubst %/,%,$(dir $<))
# automatic
?F = $(notdir $?)
# environment
VSCODE_LOG_NATIVE = false
# makefile (from `Makefile', line 9)
SRCS_BONUS = ${wildcard bonus/*.c}
# automatic
?D = $(patsubst %/,%,$(dir $?))
# automatic
@D = $(patsubst %/,%,$(dir $@))
# automatic
@F = $(notdir $@)
# makefile
CURDIR := /Users/jechekao/Desktop/cursus/in_progress/so_long
# makefile
SHELL = /bin/sh
# environment
VSCODE_NLS_CONFIG = {"locale":"fr","availableLanguages":{"*":"fr"},"_languagePackId":"575d78304484aa5fa0cbb32d34fd883d.fr","_translationsConfigFile":"/Users/jechekao/Library/Application Support/Code/clp/575d78304484aa5fa0cbb32d34fd883d.fr/tcf.json","_cacheRoot":"/Users/jechekao/Library/Application Support/Code/clp/575d78304484aa5fa0cbb32d34fd883d.fr","_resolvedLanguagePackCoreLocation":"/Users/jechekao/Library/Application Support/Code/clp/575d78304484aa5fa0cbb32d34fd883d.fr/4af164ea3a06f701fe3e89a2bcbb421d2026b68f","_corruptedFile":"/Users/jechekao/Library/Application Support/Code/clp/575d78304484aa5fa0cbb32d34fd883d.fr/corrupted.info","_languagePackSupport":true}
# makefile (from `Makefile', line 13)
MLX = ${MLX_PATH}libmlx.a
# environment
_ = /usr/bin/make
# makefile (from `Makefile', line 22)
CFLAGS = -Wall -Werror -Wextra ${HEADER}
# makefile (from `Makefile', line 1)
MAKEFILE_LIST :=  Makefile
# makefile (from `Makefile', line 7)
SRCS = ${wildcard *.c}
# environment
VSCODE_VERBOSE_LOGGING = true
# makefile (from `Makefile', line 18)
OBJS = ${SRCS:.c=.o}
# environment
VSCODE_IPC_HOOK_EXTHOST = /var/folders/zz/zyxvpxvq6csfxvn_n000cb080032r2/T/vscode-ipc-5908ce17-0cd8-4b2f-a94f-e146e39133f0.sock
# environment
VSCODE_CWD = /
# environment
PATH = /Users/jechekao/.brew/bin:/Users/jechekao/.brew/bin:/usr/local/bin:/usr/bin:/bin:/usr/sbin:/sbin:/usr/local/munki:/Library/Apple/usr/bin:/Applications/Visual Studio Code.app/Contents/Resources/app/bin
# environment
LSCOLORS = Gxfxcxdxbxegedabagacad
# environment
LaunchInstanceID = EBE8AB6C-AF70-45BF-BC71-90CFF490D60D
# makefile (from `Makefile', line 11)
MLX_PATH = minilibx_opengl_20191021/
# environment
VSCODE_LOG_STACK = false
# environment
ELECTRON_RUN_AS_NODE = 1
# makefile (from `Makefile', line 5)
LIB = ${LIB_PATH}libft.a
# default
.FEATURES := target-specific order-only second-expansion else-if archives jobserver check-symlink
# environment
SSH_AUTH_SOCK = /private/tmp/com.apple.launchd.ykjoBAomXW/Listeners
# automatic
%F = $(notdir $%)
# environment
HOMEBREW_TEMP = /tmp/jechekao/Homebrew/Temp
# makefile (from `Makefile', line 15)
MLXFLAGS = -L ${MLX_PATH} -lmlx -framework OpenGL -framework AppKit
# environment
VSCODE_PIPE_LOGGING = true
# environment
PWD = /Users/jechekao/Desktop/cursus/in_progress/so_long
# makefile (from `Makefile', line 19)
OBJS_BONUS = ${SRCS_BONUS:.c=.o}
# environment
ORIGINAL_XDG_CURRENT_DESKTOP = undefined
# environment
VSCODE_AMD_ENTRYPOINT = vs/workbench/api/node/extensionHostProcess
# environment
HOME = /Users/jechekao
# default
MAKEFILEPATH := /Applications/Xcode.app/Contents/Developer/Makefiles
# environment
VSCODE_CODE_CACHE_PATH = /Users/jechekao/Library/Application Support/Code/CachedData/4af164ea3a06f701fe3e89a2bcbb421d2026b68f
# environment
LOGNAME = jechekao
# environment
APPLICATION_INSIGHTS_NO_DIAGNOSTIC_CHANNEL = 1
# environment
ZSH = /Users/jechekao/.oh-my-zsh
# environment
VSCODE_HANDLES_UNCAUGHT_ERRORS = true
# automatic
^D = $(patsubst %/,%,$(dir $^))
# environment
XPC_FLAGS = 0x0
# default
MAKE = $(MAKE_COMMAND)
# default
MAKECMDGOALS := all
# environment
HOMEBREW_CACHE = /tmp/jechekao/Homebrew/Caches
# environment
SHLVL = 1
# makefile (from `Makefile', line 21)
CC = gcc
# default
MAKE_VERSION := 3.81
# environment
USER = jechekao
# makefile
.DEFAULT_GOAL := all
# makefile (from `Makefile', line 3)
LIB_PATH = libft/
# makefile (from `Makefile', line 1)
NAME = so_long
# environment
LESS = -R
# automatic
%D = $(patsubst %/,%,$(dir $%))
# default
MAKE_COMMAND := /Applications/Xcode.app/Contents/Developer/usr/bin/make
# default
.VARIABLES := 
# environment
TMPDIR = /var/folders/zz/zyxvpxvq6csfxvn_n000cb080032r2/T/
# automatic
*F = $(notdir $*)
# environment
VSCODE_IPC_HOOK = /Users/jechekao/Library/Application Support/Code/1.68.0-main.sock
# makefile
MAKEFLAGS = Rrqp
# environment
MFLAGS = -Rrqp
# automatic
*D = $(patsubst %/,%,$(dir $*))
# environment
XPC_SERVICE_NAME = com.apple.xpc.launchd.oneshot.0x10000001.Electron
# automatic
+D = $(patsubst %/,%,$(dir $+))
# automatic
+F = $(notdir $+)
# environment
__CF_USER_TEXT_ENCODING = 0x18B02:0x0:0x52
# environment
COMMAND_MODE = unix2003
# default
MAKEFILES := 
# automatic
<F = $(notdir $<)
# makefile (from `Makefile', line 27)
OBJS_FILES = $(OBJS)
# environment
PAGER = less
# environment
LC_ALL = C
# makefile (from `Makefile', line 17)
HEADER = -I include/
# environment
SECURITYSESSIONID = 186a7
# automatic
^F = $(notdir $^)
# default
SUFFIXES := 
# default
.INCLUDE_DIRS = /usr/local/include
# environment
MAKELEVEL := 0
# environment
LANG = C
# environment
VSCODE_PID = 92055
# variable set hash-table stats:
# Load=83/1024=8%, Rehash=0, Collisions=5/118=4%

# Pattern-specific Variable Values

# No pattern-specific variable values.

# Directories

# . (device 16777230, inode 911964): 9 files, no impossibilities.

# 9 files, no impossibilities in 1 directories.

# Implicit Rules

# No implicit rules.

# Files

all: subsystem_mlx subsystem so_long
#  Phony target (prerequisite of .PHONY).
#  Command-line target.
#  Implicit rule search has not been done.
#  File does not exist.
#  File has been updated.
#  Needs to be updated (-q is set).
# variable set hash-table stats:
# Load=0/32=0%, Rehash=0, Collisions=0/5=0%

.PHONY: all subsystem clean fclean re bonus
#  Implicit rule search has not been done.
#  Modification time never checked.
#  File has not been updated.

# Not a target:
.SUFFIXES:
#  Implicit rule search has not been done.
#  Modification time never checked.
#  File has not been updated.

# Not a target:
Makefile:
#  Implicit rule search has been done.
#  Last modified 2022-07-28 19:06:03
#  File has been updated.
#  Successfully updated.
# variable set hash-table stats:
# Load=0/32=0%, Rehash=0, Collisions=0/0=0%

bonus:
#  Phony target (prerequisite of .PHONY).
#  Implicit rule search has not been done.
#  File does not exist.
#  File has not been updated.
#  commands to execute (from `Makefile', line 35):
	make WITH_BONUS=1 all
	

fclean: clean
#  Phony target (prerequisite of .PHONY).
#  Implicit rule search has not been done.
#  File does not exist.
#  File has not been updated.
#  commands to execute (from `Makefile', line 56):
	@make -C ${LIB_PATH} fclean
	@rm -rf ${NAME}
	@printf "\033[0;31mðŸ’¬ Files '${LIB}' and '${NAME}' are deleted ! ðŸ‘»\033[0m\n"
	

# Not a target:
.DEFAULT:
#  Implicit rule search has not been done.
#  Modification time never checked.
#  File has not been updated.

re: fclean all
#  Phony target (prerequisite of .PHONY).
#  Implicit rule search has not been done.
#  File does not exist.
#  File has not been updated.

clean:
#  Phony target (prerequisite of .PHONY).
#  Implicit rule search has not been done.
#  File does not exist.
#  File has not been updated.
#  commands to execute (from `Makefile', line 50):
	@make -C ${MLX_PATH} clean
	@make -C ${LIB_PATH} clean
	@rm -rf ${OBJS} ${OBJS_BONUS}
	@printf "\033[0;34mðŸ’¬ Files '${MLX}' and '${OBJS_FILES}' are deleted ! ðŸ‘»\033[0m\n"
	

subsystem:
#  Phony target (prerequisite of .PHONY).
#  Implicit rule search has not been done.
#  File does not exist.
#  File has not been updated.
#  commands to execute (from `Makefile', line 42):
	@make -C ${LIB_PATH} all
	@printf "\033[0;33mðŸ’¬ File '${LIB}' is created ! ðŸ€\033[0m\n"
	

subsystem_mlx:
#  Implicit rule search has not been done.
#  Implicit/static pattern stem: `'
#  File does not exist.
#  File has been updated.
#  Needs to be updated (-q is set).
# automatic
# @ := subsystem_mlx
# automatic
# % := 
# automatic
# * := 
# automatic
# + := 
# automatic
# | := 
# automatic
# < := 
# automatic
# ^ := 
# automatic
# ? := 
# variable set hash-table stats:
 
# Load=8/32=25%, Rehash=0, Collisions=1/13=8%
#  commands to execute (from `Makefile', line 38):
	@make -C ${MLX_PATH} all
	@printf "\033[0;33mðŸ’¬ File '${MLX}' is created ! ðŸ€\033[0m\n"
	

so_long:
#  Implicit rule search has not been done.
#  Modification time never checked.
#  File has not been updated.
#  commands to execute (from `Makefile', line 46):
	${CC} ${CFLAGS} ${OBJS_FILES} ${LIB} ${MLXFLAGS} ${MLX} -o ${NAME}
	@printf "\033[0;32mðŸ’¬ File 'so_long' is created ! ðŸ€\033[0m\n"
	

# files hash-table stats:
# Load=12/1024=1%, Rehash=0, Collisions=0/38=0%
# VPATH Search Paths

# No `vpath' search paths.

# No general (`VPATH' variable) search path.

# # of strings in strcache: 1
# # of strcache buffers: 1
# strcache size: total = 4096 / max = 4096 / min = 4096 / avg = 4096
# strcache free: total = 4087 / max = 4087 / min = 4087 / avg = 4087

# Finished Make data base on Sun Jul 31 13:56:39 2022

 
