make all --print-data-base --no-builtin-variables --no-builtin-rules --question
# GNU Make 3.81
# Copyright (C) 2006  Free Software Foundation, Inc.
# This is free software; see the source for copying conditions.
# There is NO warranty; not even for MERCHANTABILITY or FITNESS FOR A
# PARTICULAR PURPOSE.

# This program built for i386-apple-darwin11.3.0
 

# Make data base, printed on Sun Jul 17 18:28:50 2022

# Variables

# automatic
<D = $(patsubst %/,%,$(dir $<))
# automatic
?F = $(notdir $?)
# environment
VSCODE_LOG_NATIVE = false
# automatic
?D = $(patsubst %/,%,$(dir $?))
# automatic
@D = $(patsubst %/,%,$(dir $@))
# automatic
@F = $(notdir $@)
# makefile
CURDIR := /Users/jechekao/Desktop/cursus/in_progress/Push-Swap-42-main
# makefile
SHELL = /bin/sh
# makefile (from `Makefile', line 34)
RM = /bin/rm -f
# environment
VSCODE_NLS_CONFIG = {"locale":"fr","availableLanguages":{},"_languagePackSupport":true}
# environment
_ = /usr/bin/make
# makefile (from `Makefile', line 1)
MAKEFILE_LIST :=  Makefile
# makefile (from `Makefile', line 18)
LIB_DIR = libft/
# makefile (from `Makefile', line 22)
OBJ_DIR = obj/
# environment
VSCODE_VERBOSE_LOGGING = true
# environment
VSCODE_IPC_HOOK_EXTHOST = /var/folders/zz/zyxvpxvq6csfxvn_n000cb080032r2/T/vscode-ipc-195ae6cc-d240-4718-b49c-b44f7c179815.sock
# environment
VSCODE_CWD = /
# environment
PATH = /Users/jechekao/.brew/bin:/Users/jechekao/.brew/bin:/usr/local/bin:/usr/bin:/bin:/usr/sbin:/sbin:/usr/local/munki:/Library/Apple/usr/bin
# makefile (from `Makefile', line 13)
PS_NAME = push_swap
# environment
LSCOLORS = Gxfxcxdxbxegedabagacad
# environment
LaunchInstanceID = 852211BE-F74B-477A-A193-9ED3C9ECF603
# environment
VSCODE_LOG_STACK = false
# environment
ELECTRON_RUN_AS_NODE = 1
# makefile (from `Makefile', line 19)
LIB = libft.a
# default
.FEATURES := target-specific order-only second-expansion else-if archives jobserver check-symlink
# makefile (from `Makefile', line 21)
DIR = srcs/
# environment
SSH_AUTH_SOCK = /private/tmp/com.apple.launchd.5JbFYiX7tL/Listeners
# automatic
%F = $(notdir $%)
# environment
HOMEBREW_TEMP = /tmp/jechekao/Homebrew/Temp
# environment
VSCODE_PIPE_LOGGING = true
# environment
PWD = /Users/jechekao/Desktop/cursus/in_progress/Push-Swap-42-main
# environment
ORIGINAL_XDG_CURRENT_DESKTOP = undefined
# environment
VSCODE_AMD_ENTRYPOINT = vs/workbench/api/node/extensionHostProcess
# environment
HOME = /Users/jechekao
# default
MAKEFILEPATH := /Applications/Xcode.app/Contents/Developer/Makefiles
# environment
VSCODE_CODE_CACHE_PATH = /Users/jechekao/Library/Application Support/Code/CachedData/4af164ea3a06f701fe3e89a2bcbb421d2026b68f
# environment
LOGNAME = jechekao
# environment
APPLICATION_INSIGHTS_NO_DIAGNOSTIC_CHANNEL = 1
# makefile (from `Makefile', line 56)
PS_OBJ = $(PS_SRCS:$(DIR)%.c=$(OBJ_DIR)%.o)
# environment
ZSH = /Users/jechekao/.oh-my-zsh
# environment
VSCODE_HANDLES_UNCAUGHT_ERRORS = true
# automatic
^D = $(patsubst %/,%,$(dir $^))
# environment
XPC_FLAGS = 0x0
# default
MAKE = $(MAKE_COMMAND)
# default
MAKECMDGOALS := all
# environment
HOMEBREW_CACHE = /tmp/jechekao/Homebrew/Caches
# environment
SHLVL = 1
# makefile (from `Makefile', line 16)
CC = clang
# default
MAKE_VERSION := 3.81
# environment
USER = jechekao
# makefile
.DEFAULT_GOAL := all
# makefile (from `Makefile', line 31)
INCLUDE = -I include/ -I $(LIB_DIR)
# environment
LESS = -R
# automatic
%D = $(patsubst %/,%,$(dir $%))
# default
MAKE_COMMAND := /Applications/Xcode.app/Contents/Developer/usr/bin/make
# default
.VARIABLES := 
# environment
TMPDIR = /var/folders/zz/zyxvpxvq6csfxvn_n000cb080032r2/T/
# automatic
*F = $(notdir $*)
# environment
VSCODE_IPC_HOOK = /Users/jechekao/Library/Application Support/Code/1.68.0-main.sock
# makefile
MAKEFLAGS = Rrqp
# environment
MFLAGS = -Rrqp
# automatic
*D = $(patsubst %/,%,$(dir $*))
# environment
XPC_SERVICE_NAME = com.apple.xpc.launchd.oneshot.0x10000001.Electron
# automatic
+D = $(patsubst %/,%,$(dir $+))
# automatic
+F = $(notdir $+)
# makefile (from `Makefile', line 36)
PS_FILES = main.c list.c list_sort.c list_u1.c list_u2.c check.c init.c case.c algo_short.c algo_bigger.c norm.c get.c op_p.c op_r.c op_s.c
# makefile (from `Makefile', line 23)
SUB_DIR = obj/ps_srcs obj/c_srcs
# makefile (from `Makefile', line 25)
FLAG = -c -Wall -Wextra -Werror -g
# environment
__CF_USER_TEXT_ENCODING = 0x18B02:0x0:0x52
# environment
COMMAND_MODE = unix2003
# default
MAKEFILES := 
# automatic
<F = $(notdir $<)
# environment
PAGER = less
# environment
LC_ALL = C
# environment
SECURITYSESSIONID = 186a7
# automatic
^F = $(notdir $^)
# default
SUFFIXES := 
# default
.INCLUDE_DIRS = /usr/local/include
# makefile (from `Makefile', line 54)
PS_SRCS = $(addprefix $(DIR), $(PS_FILES))
# environment
MAKELEVEL := 0
# environment
LANG = C
# environment
VSCODE_PID = 35168
# variable set hash-table stats:
# Load=82/1024=8%, Rehash=0, Collisions=7/116=6%

# Pattern-specific Variable Values

# No pattern-specific variable values.

# Directories

# . (device 16777225, inode 683133): 16 files, no impossibilities.
# srcs (device 16777225, inode 683304): 18 files, no impossibilities so far.

# 34 files, no impossibilities in 2 directories.

# Implicit Rules

obj/%.o: srcs/%.c
#  commands to execute (from `Makefile', line 63):
	@mkdir -p $(OBJ_DIR) $(SUB_DIR)
	$(CC) -g $(FLAG) $(INCLUDE) $< -o $@
	

# 1 implicit rules, 0 (0.0%) terminal.

# Files

# Not a target:
srcs/norm.c:
#  Implicit rule search has been done.
#  Last modified 2022-07-10 19:12:35
#  File has been updated.
#  Successfully updated.
# variable set hash-table stats:
# Load=0/32=0%, Rehash=0, Collisions=0/0=0%

obj/op_r.o: srcs/op_r.c
#  Implicit rule search has been done.
#  Implicit/static pattern stem: `op_r'
#  Last modified 2022-07-16 18:21:11
#  File has been updated.
#  Successfully updated.
# variable set hash-table stats:
# Load=0/32=0%, Rehash=0, Collisions=0/0=0%
#  commands to execute (from `Makefile', line 63):
	@mkdir -p $(OBJ_DIR) $(SUB_DIR)
	$(CC) -g $(FLAG) $(INCLUDE) $< -o $@
	

# Not a target:
srcs/op_r.c:
#  Implicit rule search has been done.
#  Last modified 2022-07-02 15:56:51
#  File has been updated.
#  Successfully updated.
# variable set hash-table stats:
# Load=0/32=0%, Rehash=0, Collisions=0/0=0%

all: push_swap
#  Phony target (prerequisite of .PHONY).
#  Command-line target.
#  Implicit rule search has not been done.
#  File does not exist.
#  File has been updated.
#  Successfully updated.
# variable set hash-table stats:
# Load=0/32=0%, Rehash=0, Collisions=0/0=0%

obj/list_sort.o: srcs/list_sort.c
#  Implicit rule search has been done.
#  Implicit/static pattern stem: `list_sort'
#  Last modified 2022-07-16 18:21:11
#  File has been updated.
#  Successfully updated.
# variable set hash-table stats:
# Load=0/32=0%, Rehash=0, Collisions=0/0=0%
#  commands to execute (from `Makefile', line 63):
	@mkdir -p $(OBJ_DIR) $(SUB_DIR)
	$(CC) -g $(FLAG) $(INCLUDE) $< -o $@
	

obj/algo_bigger.o: srcs/algo_bigger.c
#  Implicit rule search has been done.
#  Implicit/static pattern stem: `algo_bigger'
#  Last modified 2022-07-16 18:21:11
#  File has been updated.
#  Successfully updated.
# variable set hash-table stats:
# Load=0/32=0%, Rehash=0, Collisions=0/0=0%
#  commands to execute (from `Makefile', line 63):
	@mkdir -p $(OBJ_DIR) $(SUB_DIR)
	$(CC) -g $(FLAG) $(INCLUDE) $< -o $@
	

.PHONY: all clean fclean re
#  Implicit rule search has not been done.
#  Modification time never checked.
#  File has not been updated.

# Not a target:
srcs/list_sort.c:
#  Implicit rule search has been done.
#  Last modified 2022-05-29 16:47:08
#  File has been updated.
#  Successfully updated.
# variable set hash-table stats:
# Load=0/32=0%, Rehash=0, Collisions=0/0=0%

# Not a target:
srcs/algo_bigger.c:
#  Implicit rule search has been done.
#  Last modified 2022-07-10 20:23:13
#  File has been updated.
#  Successfully updated.
# variable set hash-table stats:
# Load=0/32=0%, Rehash=0, Collisions=0/0=0%

obj/list.o: srcs/list.c
#  Implicit rule search has been done.
#  Implicit/static pattern stem: `list'
#  Last modified 2022-07-16 18:21:11
#  File has been updated.
#  Successfully updated.
# variable set hash-table stats:
# Load=0/32=0%, Rehash=0, Collisions=0/0=0%
#  commands to execute (from `Makefile', line 63):
	@mkdir -p $(OBJ_DIR) $(SUB_DIR)
	$(CC) -g $(FLAG) $(INCLUDE) $< -o $@
	

# Not a target:
srcs/list.c:
#  Implicit rule search has been done.
#  Last modified 2022-05-29 19:07:55
#  File has been updated.
#  Successfully updated.
 
# variable set hash-table stats:
# Load=0/32=0%, Rehash=0, Collisions=0/0=0%

obj/get.o: srcs/get.c
#  Implicit rule search has been done.
#  Implicit/static pattern stem: `get'
#  Last modified 2022-07-16 18:21:11
#  File has been updated.
#  Successfully updated.
# variable set hash-table stats:
# Load=0/32=0%, Rehash=0, Collisions=0/0=0%
#  commands to execute (from `Makefile', line 63):
	@mkdir -p $(OBJ_DIR) $(SUB_DIR)
	$(CC) -g $(FLAG) $(INCLUDE) $< -o $@
	

# Not a target:
srcs/get.c:
#  Implicit rule search has been done.
#  Last modified 2022-07-10 19:27:44
#  File has been updated.
#  Successfully updated.
# variable set hash-table stats:
# Load=0/32=0%, Rehash=0, Collisions=0/0=0%

obj/main.o: srcs/main.c
#  Implicit rule search has been done.
#  Implicit/static pattern stem: `main'
#  Last modified 2022-07-16 18:21:11
#  File has been updated.
#  Successfully updated.
# variable set hash-table stats:
# Load=0/32=0%, Rehash=0, Collisions=0/0=0%
#  commands to execute (from `Makefile', line 63):
	@mkdir -p $(OBJ_DIR) $(SUB_DIR)
	$(CC) -g $(FLAG) $(INCLUDE) $< -o $@
	

# Not a target:
.SUFFIXES:
#  Implicit rule search has not been done.
#  Modification time never checked.
#  File has not been updated.

# Not a target:
Makefile:
#  Implicit rule search has been done.
#  Last modified 2022-07-16 19:15:10
#  File has been updated.
#  Successfully updated.
# variable set hash-table stats:
# Load=0/32=0%, Rehash=0, Collisions=0/0=0%

# Not a target:
srcs/main.c:
#  Implicit rule search has been done.
#  Last modified 2022-07-01 17:40:33
#  File has been updated.
#  Successfully updated.
# variable set hash-table stats:
# Load=0/32=0%, Rehash=0, Collisions=0/0=0%

libft.a:
#  Implicit rule search has not been done.
#  Last modified 2022-07-16 18:21:14
#  File has been updated.
#  Successfully updated.
#  commands to execute (from `Makefile', line 67):
	@$(MAKE) -C $(LIB_DIR)
	/bin/mv $(LIB_DIR)$(LIB) .
	

obj/list_u1.o: srcs/list_u1.c
#  Implicit rule search has been done.
#  Implicit/static pattern stem: `list_u1'
#  Last modified 2022-07-16 18:21:11
#  File has been updated.
#  Successfully updated.
# variable set hash-table stats:
# Load=0/32=0%, Rehash=0, Collisions=0/0=0%
#  commands to execute (from `Makefile', line 63):
	@mkdir -p $(OBJ_DIR) $(SUB_DIR)
	$(CC) -g $(FLAG) $(INCLUDE) $< -o $@
	

# Not a target:
srcs/list_u1.c:
#  Implicit rule search has been done.
#  Last modified 2022-07-02 16:40:45
#  File has been updated.
#  Successfully updated.
# variable set hash-table stats:
# Load=0/32=0%, Rehash=0, Collisions=0/0=0%

obj/op_s.o: srcs/op_s.c
#  Implicit rule search has been done.
#  Implicit/static pattern stem: `op_s'
#  Last modified 2022-07-16 18:21:11
#  File has been updated.
#  Successfully updated.
# variable set hash-table stats:
# Load=0/32=0%, Rehash=0, Collisions=0/0=0%
#  commands to execute (from `Makefile', line 63):
	@mkdir -p $(OBJ_DIR) $(SUB_DIR)
	$(CC) -g $(FLAG) $(INCLUDE) $< -o $@
	

# Not a target:
srcs/op_s.c:
#  Implicit rule search has been done.
#  Last modified 2022-07-02 15:57:05
#  File has been updated.
#  Successfully updated.
# variable set hash-table stats:
# Load=0/32=0%, Rehash=0, Collisions=0/0=0%

obj/case.o: srcs/case.c
#  Implicit rule search has been done.
#  Implicit/static pattern stem: `case'
#  Last modified 2022-07-16 18:21:11
#  File has been updated.
#  Successfully updated.
# variable set hash-table stats:
# Load=0/32=0%, Rehash=0, Collisions=0/0=0%
#  commands to execute (from `Makefile', line 63):
	@mkdir -p $(OBJ_DIR) $(SUB_DIR)
	$(CC) -g $(FLAG) $(INCLUDE) $< -o $@
	

fclean: clean
#  Phony target (prerequisite of .PHONY).
#  Implicit rule search has not been done.
#  File does not exist.
#  File has not been updated.
#  commands to execute (from `Makefile', line 83):
	@$(MAKE) fclean -C $(LIB_DIR)
	@$(RM) $(LIB)
	@$(RM) $(PS_NAME)
	# @$(RM) $(C_NAME)
	

# Not a target:
srcs/case.c:
#  Implicit rule search has been done.
#  Last modified 2022-05-01 11:41:19
#  File has been updated.
#  Successfully updated.
# variable set hash-table stats:
# Load=0/32=0%, Rehash=0, Collisions=0/0=0%

obj/list_u2.o: srcs/list_u2.c
#  Implicit rule search has been done.
#  Implicit/static pattern stem: `list_u2'
#  Last modified 2022-07-16 18:21:11
#  File has been updated.
#  Successfully updated.
# variable set hash-table stats:
# Load=0/32=0%, Rehash=0, Collisions=0/0=0%
#  commands to execute (from `Makefile', line 63):
	@mkdir -p $(OBJ_DIR) $(SUB_DIR)
	$(CC) -g $(FLAG) $(INCLUDE) $< -o $@
	

# Not a target:
.DEFAULT:
#  Implicit rule search has not been done.
#  Modification time never checked.
#  File has not been updated.

# Not a target:
srcs/list_u2.c:
#  Implicit rule search has been done.
#  Last modified 2022-05-29 19:07:23
#  File has been updated.
#  Successfully updated.
# variable set hash-table stats:
# Load=0/32=0%, Rehash=0, Collisions=0/0=0%

re: fclean all
#  Phony target (prerequisite of .PHONY).
#  Implicit rule search has not been done.
#  File does not exist.
#  File has not been updated.

clean:
#  Phony target (prerequisite of .PHONY).
#  Implicit rule search has not been done.
#  File does not exist.
#  File has not been updated.
#  commands to execute (from `Makefile', line 77):
	for dir in $(MODULES); do			\
	@$(MAKE) clean -C $$dir;		\
	done
	@/bin/rm -rf $(OBJ_DIR)
	

obj/init.o: srcs/init.c
#  Implicit rule search has been done.
#  Implicit/static pattern stem: `init'
#  Last modified 2022-07-16 18:21:11
#  File has been updated.
#  Successfully updated.
# variable set hash-table stats:
# Load=0/32=0%, Rehash=0, Collisions=0/0=0%
#  commands to execute (from `Makefile', line 63):
	@mkdir -p $(OBJ_DIR) $(SUB_DIR)
	$(CC) -g $(FLAG) $(INCLUDE) $< -o $@
	

obj/check.o: srcs/check.c
#  Implicit rule search has been done.
#  Implicit/static pattern stem: `check'
#  Last modified 2022-07-16 18:21:11
#  File has been updated.
#  Successfully updated.
# variable set hash-table stats:
# Load=0/32=0%, Rehash=0, Collisions=0/0=0%
#  commands to execute (from `Makefile', line 63):
	@mkdir -p $(OBJ_DIR) $(SUB_DIR)
	$(CC) -g $(FLAG) $(INCLUDE) $< -o $@
	

# Not a target:
srcs/init.c:
#  Implicit rule search has been done.
#  Last modified 2022-05-01 11:53:50
#  File has been updated.
#  Successfully updated.
# variable set hash-table stats:
# Load=0/32=0%, Rehash=0, Collisions=0/0=0%

push_swap: obj/main.o obj/list.o obj/list_sort.o obj/list_u1.o obj/list_u2.o obj/check.o obj/init.o obj/case.o obj/algo_short.o obj/algo_bigger.o obj/norm.o obj/get.o obj/op_p.o obj/op_r.o obj/op_s.o libft.a
#  Implicit rule search has not been done.
#  Last modified 2022-07-16 18:21:14
#  File has been updated.
#  Successfully updated.
# variable set hash-table stats:
# Load=0/32=0%, Rehash=0, Collisions=0/0=0%
#  commands to execute (from `Makefile', line 71):
	$(CC) -o $@ $^
	# $(CC) -fsanitize=address -o $@ $^
	

# Not a target:
srcs/check.c:
#  Implicit rule search has been done.
#  Last modified 2022-05-01 11:41:22
#  File has been updated.
#  Successfully updated.
# variable set hash-table stats:
# Load=0/32=0%, Rehash=0, Collisions=0/0=0%

obj/op_p.o: srcs/op_p.c
#  Implicit rule search has been done.
#  Implicit/static pattern stem: `op_p'
#  Last modified 2022-07-16 18:21:11
#  File has been updated.
#  Successfully updated.
# variable set hash-table stats:
# Load=0/32=0%, Rehash=0, Collisions=0/0=0%
#  commands to execute (from `Makefile', line 63):
	@mkdir -p $(OBJ_DIR) $(SUB_DIR)
	$(CC) -g $(FLAG) $(INCLUDE) $< -o $@
	

# Not a target:
srcs/op_p.c:
#  Implicit rule search has been done.
#  Last modified 2022-07-01 18:05:12
#  File has been updated.
#  Successfully updated.
# variable set hash-table stats:
# Load=0/32=0%, Rehash=0, Collisions=0/0=0%

obj/algo_short.o: srcs/algo_short.c
#  Implicit rule search has been done.
#  Implicit/static pattern stem: `algo_short'
#  Last modified 2022-07-16 18:21:11
#  File has been updated.
#  Successfully updated.
# variable set hash-table stats:
# Load=0/32=0%, Rehash=0, Collisions=0/0=0%
#  commands to execute (from `Makefile', line 63):
	@mkdir -p $(OBJ_DIR) $(SUB_DIR)
	$(CC) -g $(FLAG) $(INCLUDE) $< -o $@
	

# Not a target:
 
srcs/algo_short.c:
#  Implicit rule search has been done.
#  Last modified 2022-07-08 19:26:35
#  File has been updated.
#  Successfully updated.
# variable set hash-table stats:
# Load=0/32=0%, Rehash=0, Collisions=0/0=0%

obj/norm.o: srcs/norm.c
#  Implicit rule search has been done.
#  Implicit/static pattern stem: `norm'
#  Last modified 2022-07-16 18:21:11
#  File has been updated.
#  Successfully updated.
# variable set hash-table stats:
# Load=0/32=0%, Rehash=0, Collisions=0/0=0%
#  commands to execute (from `Makefile', line 63):
	@mkdir -p $(OBJ_DIR) $(SUB_DIR)
	$(CC) -g $(FLAG) $(INCLUDE) $< -o $@
	

# files hash-table stats:
# Load=40/1024=4%, Rehash=0, Collisions=0/122=0%
# VPATH Search Paths

# No `vpath' search paths.

# No general (`VPATH' variable) search path.

# # of strings in strcache: 1
# # of strcache buffers: 1
# strcache size: total = 4096 / max = 4096 / min = 4096 / avg = 4096
# strcache free: total = 4087 / max = 4087 / min = 4087 / avg = 4087

# Finished Make data base on Sun Jul 17 18:28:50 2022

 
