make --dry-run --always-make --keep-going --print-directory
make: Entering directory `/Users/jechekao/Desktop/Push-Swap-42-main'
mkdir -p obj/ obj/ps_srcs obj/c_srcs
clang -g -c -Wall -Wextra -Werror -I include/ -I libft/ srcs/main.c -o obj/main.o
mkdir -p obj/ obj/ps_srcs obj/c_srcs
clang -g -c -Wall -Wextra -Werror -I include/ -I libft/ srcs/list.c -o obj/list.o
mkdir -p obj/ obj/ps_srcs obj/c_srcs
clang -g -c -Wall -Wextra -Werror -I include/ -I libft/ srcs/list_sort.c -o obj/list_sort.o
mkdir -p obj/ obj/ps_srcs obj/c_srcs
clang -g -c -Wall -Wextra -Werror -I include/ -I libft/ srcs/list_u1.c -o obj/list_u1.o
mkdir -p obj/ obj/ps_srcs obj/c_srcs
clang -g -c -Wall -Wextra -Werror -I include/ -I libft/ srcs/list_u2.c -o obj/list_u2.o
mkdir -p obj/ obj/ps_srcs obj/c_srcs
clang -g -c -Wall -Wextra -Werror -I include/ -I libft/ srcs/check.c -o obj/check.o
mkdir -p obj/ obj/ps_srcs obj/c_srcs
clang -g -c -Wall -Wextra -Werror -I include/ -I libft/ srcs/init.c -o obj/init.o
mkdir -p obj/ obj/ps_srcs obj/c_srcs
clang -g -c -Wall -Wextra -Werror -I include/ -I libft/ srcs/case.c -o obj/case.o
mkdir -p obj/ obj/ps_srcs obj/c_srcs
clang -g -c -Wall -Wextra -Werror -I include/ -I libft/ srcs/algo_short.c -o obj/algo_short.o
mkdir -p obj/ obj/ps_srcs obj/c_srcs
clang -g -c -Wall -Wextra -Werror -I include/ -I libft/ srcs/algo_bigger.c -o obj/algo_bigger.o
mkdir -p obj/ obj/ps_srcs obj/c_srcs
clang -g -c -Wall -Wextra -Werror -I include/ -I libft/ srcs/norm.c -o obj/norm.o
mkdir -p obj/ obj/ps_srcs obj/c_srcs
clang -g -c -Wall -Wextra -Werror -I include/ -I libft/ srcs/get.c -o obj/get.o
mkdir -p obj/ obj/ps_srcs obj/c_srcs
clang -g -c -Wall -Wextra -Werror -I include/ -I libft/ srcs/op_p.c -o obj/op_p.o
mkdir -p obj/ obj/ps_srcs obj/c_srcs
clang -g -c -Wall -Wextra -Werror -I include/ -I libft/ srcs/op_r.c -o obj/op_r.o
mkdir -p obj/ obj/ps_srcs obj/c_srcs
clang -g -c -Wall -Wextra -Werror -I include/ -I libft/ srcs/op_s.c -o obj/op_s.o
/Applications/Xcode.app/Contents/Developer/usr/bin/make -C libft/
make[1]: Entering directory `/Users/jechekao/Desktop/Push-Swap-42-main/libft'
gcc -g -fsanitize=address -Wall -Wextra -Werror -I ./ -c *.c
ar rcs libft.a *.o
ranlib libft.a
make[1]: Leaving directory `/Users/jechekao/Desktop/Push-Swap-42-main/libft'
/bin/mv libft/libft.a .
clang -fsanitize=address -o push_swap obj/main.o obj/list.o obj/list_sort.o obj/list_u1.o obj/list_u2.o obj/check.o obj/init.o obj/case.o obj/algo_short.o obj/algo_bigger.o obj/norm.o obj/get.o obj/op_p.o obj/op_r.o obj/op_s.o libft.a
# clang -fsanitize=address -o push_swap obj/main.o obj/list.o obj/list_sort.o obj/list_u1.o obj/list_u2.o obj/check.o obj/init.o obj/case.o obj/algo_short.o obj/algo_bigger.o obj/norm.o obj/get.o obj/op_p.o obj/op_r.o obj/op_s.o libft.a
make: Leaving directory `/Users/jechekao/Desktop/Push-Swap-42-main'
 
