make all --print-data-base --no-builtin-variables --no-builtin-rules --question
# GNU Make 3.81
# Copyright (C) 2006  Free Software Foundation, Inc.
# This is free software; see the source for copying conditions.
# There is NO warranty; not even for MERCHANTABILITY or FITNESS FOR A
# PARTICULAR PURPOSE.

# This program built for i386-apple-darwin11.3.0

# Make data base, printed on Sat Jul  2 17:55:23 2022

# Variables

# automatic
<D = $(patsubst %/,%,$(dir $<))
# automatic
?F = $(notdir $?)
# environment
VSCODE_LOG_NATIVE = false
# automatic
?D = $(patsubst %/,%,$(dir $?))
# automatic
@D = $(patsubst %/,%,$(dir $@))
# automatic
@F = $(notdir $@)
# makefile
CURDIR := /Users/jechekao/Desktop/Push-Swap-42-main
# makefile
SHELL = /bin/sh
# makefile (from `Makefile', line 33)
RM = /bin/rm -f
# environment
VSCODE_NLS_CONFIG = {"locale":"fr","availableLanguages":{"*":"fr"},"_languagePackId":"575d78304484aa5fa0cbb32d34fd883d.fr","_translationsConfigFile":"/Users/jechekao/Library/Application Support/Code/clp/575d78304484aa5fa0cbb32d34fd883d.fr/tcf.json","_cacheRoot":"/Users/jechekao/Library/Application Support/Code/clp/575d78304484aa5fa0cbb32d34fd883d.fr","_resolvedLanguagePackCoreLocation":"/Users/jechekao/Library/Application Support/Code/clp/575d78304484aa5fa0cbb32d34fd883d.fr/4af164ea3a06f701fe3e89a2bcbb421d2026b68f","_corruptedFile":"/Users/jechekao/Library/Application Support/Code/clp/575d78304484aa5fa0cbb32d34fd883d.fr/corrupted.info","_languagePackSupport":true}
# environment
_ = /usr/bin/make
# makefile (from `Makefile', line 1)
MAKEFILE_LIST :=  Makefile
# makefile (from `Makefile', line 18)
LIB_DIR = libft/
# makefile (from `Makefile', line 22)
OBJ_DIR = obj/
# environment
VSCODE_VERBOSE_LOGGING = true
# environment
VSCODE_IPC_HOOK_EXTHOST = /var/folders/zz/zyxvpxvq6csfxvn_n000cb080032r2/T/vscode-ipc-a8e1d571-850b-4da9-a954-cfa86530bd39.sock
# environment
VSCODE_CWD = /
# environment
PATH = /usr/bin:/bin:/usr/sbin:/sbin
# makefile (from `Makefile', line 13)
PS_NAME = push_swap
# environment
LaunchInstanceID = 82D332B8-5DB1-4E08-9F3A-9161F4C15A06
# environment
VSCODE_LOG_STACK = false
# environment
ELECTRON_RUN_AS_NODE = 1
# makefile (from `Makefile', line 19)
LIB = libft.a
# default
.FEATURES := target-specific order-only second-expansion else-if archives jobserver check-symlink
# makefile (from `Makefile', line 21)
DIR = srcs/
# environment
SSH_AUTH_SOCK = /private/tmp/com.apple.launchd.HRGMk1MirG/Listeners
# automatic
%F = $(notdir $%)
# environment
VSCODE_PIPE_LOGGING = true
# environment
PWD = /Users/jechekao/Desktop/Push-Swap-42-main
# environment
ORIGINAL_XDG_CURRENT_DESKTOP = undefined
# environment
VSCODE_AMD_ENTRYPOINT = vs/workbench/api/node/extensionHostProcess
# environment
HOME = /Users/jechekao
# default
MAKEFILEPATH := /Applications/Xcode.app/Contents/Developer/Makefiles
# environment
VSCODE_CODE_CACHE_PATH = /Users/jechekao/Library/Application Support/Code/CachedData/4af164ea3a06f701fe3e89a2bcbb421d2026b68f
# environment
LOGNAME = jechekao
# environment
APPLICATION_INSIGHTS_NO_DIAGNOSTIC_CHANNEL = 1
# makefile (from `Makefile', line 55)
PS_OBJ = $(PS_SRCS:$(DIR)%.c=$(OBJ_DIR)%.o)
# environment
VSCODE_HANDLES_UNCAUGHT_ERRORS = true
# automatic
^D = $(patsubst %/,%,$(dir $^))
# environment
XPC_FLAGS = 0x0
# default
MAKE = $(MAKE_COMMAND)
# default
MAKECMDGOALS := all
# environment
SHLVL = 1
# makefile (from `Makefile', line 16)
CC = clang
# default
MAKE_VERSION := 3.81
# environment
USER = jechekao
# makefile
.DEFAULT_GOAL := all
# makefile (from `Makefile', line 30)
INCLUDE = -I include/ -I $(LIB_DIR)
# automatic
%D = $(patsubst %/,%,$(dir $%))
# default
MAKE_COMMAND := /Applications/Xcode.app/Contents/Developer/usr/bin/make
# default
.VARIABLES := 
# environment
TMPDIR = /var/folders/zz/zyxvpxvq6csfxvn_n000cb080032r2/T/
# automatic
*F = $(notdir $*)
# environment
VSCODE_IPC_HOOK = /Users/jechekao/Library/Application Support/Code/1.68.0-main.sock
# makefile
MAKEFLAGS = Rrqp
# environment
MFLAGS = -Rrqp
# automatic
*D = $(patsubst %/,%,$(dir $*))
# environment
XPC_SERVICE_NAME = com.apple.xpc.launchd.oneshot.0x10000005.Electron
# automatic
+D = $(patsubst %/,%,$(dir $+))
# automatic
+F = $(notdir $+)
# makefile (from `Makefile', line 35)
PS_FILES = main.c list.c list_sort.c list_u1.c list_u2.c check.c init.c case.c algo_short.c algo_bigger.c norm.c get.c op_p.c op_r.c op_s.c
# makefile (from `Makefile', line 23)
SUB_DIR = obj/ps_srcs obj/c_srcs
# makefile (from `Makefile', line 25)
FLAG = -c -Wall -Wextra -Werror
# environment
__CF_USER_TEXT_ENCODING = 0x18B02:0x0:0x52
# environment
COMMAND_MODE = unix2003
# default
MAKEFILES := 
# automatic
<F = $(notdir $<)
# environment
LC_ALL = C
# environment
SECURITYSESSIONID = 186a7
# automatic
^F = $(notdir $^)
# default
SUFFIXES := 
# default
.INCLUDE_DIRS = /usr/local/include
# makefile (from `Makefile', line 53)
PS_SRCS = $(addprefix $(DIR), $(PS_FILES))
# environment
MAKELEVEL := 0
# environment
LANG = C
# environment
VSCODE_PID = 26499
# variable set hash-table stats:
# Load=76/1024=7%, Rehash=0, Collisions=9/118=8%

# Pattern-specific Variable Values

# No pattern-specific variable values.

# Directories

# . (device 16777225, inode 373449): 12 files, no impossibilities.
# srcs (device 16777225, inode 373527): 14 files, no impossibilities so far.

# 26 files, no impossibilities in 2 directories.

# Implicit Rules

obj/%.o: srcs/%.c
#  commands to execute (from `Makefile', line 62):
	@mkdir -p $(OBJ_DIR) $(SUB_DIR)
	$(CC) -g $(FLAG) $(INCLUDE) $< -o $@
	

# 1 implicit rules, 0 (0.0%) terminal.

# Files

# Not a target:
obj/op_r.o:
#  Implicit rule search has not been done.
#  Modification time never checked.
#  File has not been updated.

all: push_swap
#  Phony target (prerequisite of .PHONY).
#  Command-line target.
#  Implicit rule search has not been done.
#  File does not exist.
#  File has been updated.
#  Needs to be updated (-q is set).
# variable set hash-table stats:
# Load=0/32=0%, Rehash=0, Collisions=0/8=0%

# Not a target:
obj/list_sort.o:
#  Implicit rule search has not been done.
#  Modification time never checked.
#  File has not been updated.

# Not a target:
obj/algo_bigger.o:
#  Implicit rule search has not been done.
#  Modification time never checked.
#  File has not been updated.

.PHONY: all clean fclean re
#  Implicit rule search has not been done.
#  Modification time never checked.
#  File has not been updated.

# Not a target:
obj/list.o:
#  Implicit rule search has not been done.
#  Modification time never checked.
#  File has not been updated.

# Not a target:
obj/get.o:
#  Implicit rule search has not been done.
#  Modification time never checked.
#  File has not been updated.

obj/main.o: srcs/main.c
#  Implicit rule search has been done.
#  Implicit/static pattern stem: `main'
#  File does not exist.
#  File has been updated.
#  Needs to be updated (-q is set).
# automatic
# @ := obj/main.o
# automatic
# % := 
# automatic
# * := main
# automatic
# + := srcs/main.c
# automatic
# | := 
# automatic
# < := srcs/main.c
# automatic
# ^ := srcs/main.c
# automatic
# ? := srcs/main.c
# variable set hash-table stats:
# Load=8/32=25%, Rehash=0, Collisions=5/18=28%
#  commands to execute (from `Makefile', line 62):
	@mkdir -p $(OBJ_DIR) $(SUB_DIR)
	$(CC) -g $(FLAG) $(INCLUDE) $< -o $@
	

# Not a target:
.SUFFIXES:
#  Implicit rule search has not been done.
#  Modification time never checked.
#  File has not been updated.

# Not a target:
Makefile:
#  Implicit rule search has been done.
#  Last modified 2021-06-28 17:59:29
#  File has been updated.
#  Successfully updated.
# variable set hash-table stats:
# Load=0/32=0%, Rehash=0, Collisions=0/0=0%

# Not a target:
srcs/main.c:
#  Implicit rule search has been done.
#  Last modified 2022-07-01 17:40:33
#  File has been updated.
#  Successfully updated.
# variable set hash-table stats:
# Load=0/32=0%, Rehash=0, Collisions=0/0=0%

libft.a:
#  Implicit rule search has not been done.
#  Modification time never checked.
#  File has not been updated.
#  commands to execute (from `Makefile', line 66):
	@$(MAKE) -C $(LIB_DIR)
	/bin/mv $(LIB_DIR)$(LIB) .
	

# Not a target:
obj/list_u1.o:
#  Implicit rule search has not been done.
#  Modification time never checked.
 
#  File has not been updated.

# Not a target:
obj/op_s.o:
#  Implicit rule search has not been done.
#  Modification time never checked.
#  File has not been updated.

# Not a target:
obj/case.o:
#  Implicit rule search has not been done.
#  Modification time never checked.
#  File has not been updated.

fclean: clean
#  Phony target (prerequisite of .PHONY).
#  Implicit rule search has not been done.
#  File does not exist.
#  File has not been updated.
#  commands to execute (from `Makefile', line 82):
	@$(MAKE) fclean -C $(LIB_DIR)
	@$(RM) $(LIB)
	@$(RM) $(PS_NAME)
	# @$(RM) $(C_NAME)
	

# Not a target:
obj/list_u2.o:
#  Implicit rule search has not been done.
#  Modification time never checked.
#  File has not been updated.

# Not a target:
.DEFAULT:
#  Implicit rule search has not been done.
#  Modification time never checked.
#  File has not been updated.

re: fclean all
#  Phony target (prerequisite of .PHONY).
#  Implicit rule search has not been done.
#  File does not exist.
#  File has not been updated.

clean:
#  Phony target (prerequisite of .PHONY).
#  Implicit rule search has not been done.
#  File does not exist.
#  File has not been updated.
#  commands to execute (from `Makefile', line 76):
	for dir in $(MODULES); do			\
	@$(MAKE) clean -C $$dir;		\
	done
	@/bin/rm -rf $(OBJ_DIR)
	

# Not a target:
obj/init.o:
#  Implicit rule search has not been done.
#  Modification time never checked.
#  File has not been updated.

# Not a target:
obj/check.o:
#  Implicit rule search has not been done.
#  Modification time never checked.
#  File has not been updated.

push_swap: obj/main.o obj/list.o obj/list_sort.o obj/list_u1.o obj/list_u2.o obj/check.o obj/init.o obj/case.o obj/algo_short.o obj/algo_bigger.o obj/norm.o obj/get.o obj/op_p.o obj/op_r.o obj/op_s.o libft.a
#  Implicit rule search has not been done.
#  File does not exist.
#  File has been updated.
#  Needs to be updated (-q is set).
# variable set hash-table stats:
# Load=0/32=0%, Rehash=0, Collisions=0/8=0%
#  commands to execute (from `Makefile', line 70):
	$(CC) -fsanitize=address -o $@ $^
	# $(CC) -fsanitize=address -o $@ $^
	

# Not a target:
obj/op_p.o:
#  Implicit rule search has not been done.
#  Modification time never checked.
#  File has not been updated.

# Not a target:
obj/algo_short.o:
#  Implicit rule search has not been done.
#  Modification time never checked.
#  File has not been updated.

# Not a target:
obj/norm.o:
#  Implicit rule search has not been done.
#  Modification time never checked.
#  File has not been updated.

# files hash-table stats:
# Load=26/1024=3%, Rehash=0, Collisions=0/66=0%
# VPATH Search Paths

# No `vpath' search paths.

# No general (`VPATH' variable) search path.

# # of strings in strcache: 1
# # of strcache buffers: 1
# strcache size: total = 4096 / max = 4096 / min = 4096 / avg = 4096
# strcache free: total = 4087 / max = 4087 / min = 4087 / avg = 4087

# Finished Make data base on Sat Jul  2 17:55:23 2022

 
